<?xml version="1.0" encoding="UTF-8"?>
<robot generator="Robot 4.1.1 (Python 3.9.7 on win32)" generated="20211101 09:56:10.832" rpa="false" schemaversion="2">
<suite id="s1" name="Testcases" source="C:\Users\Public\CDS_LanAnh\testcases">
<suite id="s1-s1" name="Search Brand" source="C:\Users\Public\CDS_LanAnh\testcases\search_brand">
<suite id="s1-s1-s1" name="Suggestion List" source="C:\Users\Public\CDS_LanAnh\testcases\search_brand\suggestion_list.robot">
<test id="s1-s1-s1-t1" name="Keyword with partially name of brand">
<kw name="Open chrome browser and redirect to brand page" library="common_keywords" type="SETUP">
<arg>${brand.clinique.url_key}</arg>
<kw name="Catenate" library="BuiltIn">
<var>${target_url}</var>
<arg>SEPARATOR=/</arg>
<arg>${base_url}</arg>
<arg>${brand_url_key}</arg>
<doc>Catenates the given items together and returns the resulted string.</doc>
<msg timestamp="20211101 09:56:12.296" level="INFO">${target_url} = https://www.central.co.th/en/clinique</msg>
<status status="PASS" starttime="20211101 09:56:12.296" endtime="20211101 09:56:12.296"/>
</kw>
<kw name="Open chrome browser and redirect to page" library="common_keywords">
<arg>url=${target_url}</arg>
<doc>Open chrome browser and redirect to page
${url} - Target url
${delay} - Delay that is waited after each Selenium command
${is_headless} - Turn on headless browser with True, default False</doc>
<kw name="Evaluate" library="BuiltIn">
<var>${options}</var>
<arg>sys.modules['selenium.webdriver'].ChromeOptions()</arg>
<arg>sys</arg>
<doc>Evaluates the given expression in Python and returns the result.</doc>
<msg timestamp="20211101 09:56:12.299" level="INFO">${options} = &lt;selenium.webdriver.chrome.options.Options object at 0x000002087FEAB550&gt;</msg>
<status status="PASS" starttime="20211101 09:56:12.298" endtime="20211101 09:56:12.299"/>
</kw>
<kw name="Call Method" library="BuiltIn">
<arg>${options}</arg>
<arg>add_argument</arg>
<arg>--disable-notifications</arg>
<doc>Calls the named method of the given object with the provided arguments.</doc>
<status status="PASS" starttime="20211101 09:56:12.299" endtime="20211101 09:56:12.300"/>
</kw>
<kw name="Call Method" library="BuiltIn">
<arg>${options}</arg>
<arg>add_argument</arg>
<arg>--disable-infobars</arg>
<doc>Calls the named method of the given object with the provided arguments.</doc>
<status status="PASS" starttime="20211101 09:56:12.300" endtime="20211101 09:56:12.300"/>
</kw>
<kw name="Call Method" library="BuiltIn">
<arg>${options}</arg>
<arg>add_argument</arg>
<arg>start-maximized</arg>
<doc>Calls the named method of the given object with the provided arguments.</doc>
<status status="PASS" starttime="20211101 09:56:12.300" endtime="20211101 09:56:12.301"/>
</kw>
<kw name="Create Webdriver" library="SeleniumLibrary">
<arg>Chrome</arg>
<arg>chrome_options=${options}</arg>
<doc>Creates an instance of Selenium WebDriver.</doc>
<msg timestamp="20211101 09:56:12.301" level="INFO">Creating an instance of the Chrome WebDriver.</msg>
<status status="PASS" starttime="20211101 09:56:12.301" endtime="20211101 09:56:14.438"/>
</kw>
<kw name="Go To" library="SeleniumLibrary">
<arg>${url}</arg>
<doc>Navigates the current browser window to the provided ``url``.</doc>
<msg timestamp="20211101 09:56:14.438" level="INFO">Opening url 'https://www.central.co.th/en/clinique'</msg>
<status status="PASS" starttime="20211101 09:56:14.438" endtime="20211101 09:56:17.724"/>
</kw>
<kw name="Wait until page is completely loaded" library="common_keywords">
<kw name="Instrument Browser" library="SeleniumLibrary">
<tag>plugin</tag>
<doc>Instruments the current webpage for testability. This should happen automatically vie SeleniumTestability's internal `Event Firing Webdriver` support but keyword is provided also. Calls `Inject Testability` keyword automatically.</doc>
<status status="PASS" starttime="20211101 09:56:17.724" endtime="20211101 09:56:17.731"/>
</kw>
<kw name="Wait For Testability Ready" library="SeleniumLibrary">
<tag>plugin</tag>
<doc>Explicitly waits until testability is ready or timeout happens.
Parameters:
- ``timeout`` Amount of time to wait until giving up for testability to be ready. Robot framework timestring
- ``error_on_timeout`` if timeout occurs, should we throw an error</doc>
<status status="PASS" starttime="20211101 09:56:17.731" endtime="20211101 09:56:17.736"/>
</kw>
<status status="PASS" starttime="20211101 09:56:17.724" endtime="20211101 09:56:17.737"/>
</kw>
<status status="PASS" starttime="20211101 09:56:12.298" endtime="20211101 09:56:17.737"/>
</kw>
<status status="PASS" starttime="20211101 09:56:12.295" endtime="20211101 09:56:17.737"/>
</kw>
<kw name="Template - Search brand by keyword and verify suggestion list">
<arg>cli</arg>
<kw name="Get suggestion data with search by keyword" library="search_api">
<arg>${keyword}</arg>
<kw name="Load JSON From File" library="JSONLibrary">
<var>${request}</var>
<arg>C:\\Users\\Public\\CDS_LanAnh\\keywords\\api/payload/get_search_suggestion.json</arg>
<doc>Load JSON from file.</doc>
<msg timestamp="20211101 09:56:17.739" level="INFO">${request} = {'operationName': 'v2SuggestSearch', 'variables': {'input': {'keyword': '', 'productSize': 6, 'categorySize': 3, 'suggestionTermSize': 3}}, 'query': 'query v2SuggestSearch($input: V2SuggestSearchInput...</msg>
<status status="PASS" starttime="20211101 09:56:17.738" endtime="20211101 09:56:17.739"/>
</kw>
<kw name="Update Value To Json" library="JSONLibrary">
<var>${request}</var>
<arg>${request}</arg>
<arg>$..keyword</arg>
<arg>${keyword}</arg>
<doc>Update value to JSON using JSONPath</doc>
<msg timestamp="20211101 09:56:17.767" level="INFO">${request} = {'operationName': 'v2SuggestSearch', 'variables': {'input': {'keyword': 'cli', 'productSize': 6, 'categorySize': 3, 'suggestionTermSize': 3}}, 'query': 'query v2SuggestSearch($input: V2SuggestSearchIn...</msg>
<status status="PASS" starttime="20211101 09:56:17.739" endtime="20211101 09:56:17.767"/>
</kw>
<kw name="Evaluate" library="BuiltIn">
<var>${body}</var>
<arg>json.dumps($request)</arg>
<arg>json</arg>
<doc>Evaluates the given expression in Python and returns the result.</doc>
<msg timestamp="20211101 09:56:17.770" level="INFO">${body} = {"operationName": "v2SuggestSearch", "variables": {"input": {"keyword": "cli", "productSize": 6, "categorySize": 3, "suggestionTermSize": 3}}, "query": "query v2SuggestSearch($input: V2SuggestSearchIn...</msg>
<status status="PASS" starttime="20211101 09:56:17.768" endtime="20211101 09:56:17.770"/>
</kw>
<kw name="Create Dictionary" library="BuiltIn">
<var>${headers}</var>
<arg>store=en</arg>
<doc>Creates and returns a dictionary based on the given ``items``.</doc>
<msg timestamp="20211101 09:56:17.771" level="INFO">${headers} = {'store': 'en'}</msg>
<status status="PASS" starttime="20211101 09:56:17.770" endtime="20211101 09:56:17.771"/>
</kw>
<kw name="Post" library="REST">
<var>${response}</var>
<arg>endpoint=${api_end_point}</arg>
<arg>body=${body}</arg>
<arg>headers=${headers}</arg>
<tag>http</tag>
<doc>*Sends a POST request to the endpoint.*</doc>
<msg timestamp="20211101 09:56:21.530" level="INFO">${response} = {'seconds': 0.7193160000000001, 'status': 200, 'body': {'data': {'v2SuggestSearch': {'products': [{'id': '4933845', 'type': 'SIMPLE', 'name': 'กิ๊บหนีบผม AURORALONG HAIR CLI', 'sku': 'CDS83822216', 'u...</msg>
<status status="PASS" starttime="20211101 09:56:17.771" endtime="20211101 09:56:21.530"/>
</kw>
<kw name="Integer" library="REST">
<arg>response status</arg>
<arg>200</arg>
<tag>assertions</tag>
<doc>*Asserts the field as JSON integer.*</doc>
<status status="PASS" starttime="20211101 09:56:21.532" endtime="20211101 09:56:21.534"/>
</kw>
<kw name="Output" library="REST">
<var>${response}</var>
<arg>response body</arg>
<tag>I/O</tag>
<doc>*Outputs JSON to terminal or a file.*</doc>
<msg timestamp="20211101 09:56:21.537" level="INFO">
{
    "data": {
        "v2SuggestSearch": {
            "products": [
                {
                    "id": "4933845",
                    "type": "SIMPLE",
                    "name": "กิ๊บหนีบผม AURORALONG HAIR CLI",
                    "sku": "CDS83822216",
                    "urlKey": "sanrio-long-hair-clip-aurora-cinnamoroll-light-blue-cds83822216",
                    "overlayImageUrl": null,
                    "thumbnailUrl": "https://backend.central.co.th/media/catalog/product/c/d/cds83822216-1.jpg",
                    "brand": {
                        "id": "68",
                        "name": "SANRIO",
                        "urlKey": "sanrio",
                        "__typename": "V2Brand"
                    },
                    "priceSummary": {
                        "original": 285,
                        "final": 243,
                        "discount": {
                            "amount": 42,
                            "percentage": 15,
                            "effectiveDateRange": {
                                "from": "2021-10-28T17:00:00.000Z",
                                "to": "2021-11-14T16:59:00.000Z",
                                "__typename": "V2DateRange"
                            },
                            "__typename": "V2Discount"
                        },
                        "__typename": "V2PriceSummary"
                    },
                    "__typename": "V2SimpleProduct"
                },
                {
                    "id": "4934356",
                    "type": "SIMPLE",
                    "name": "กิ๊บหนีบผม AURORALONG HAIR CLI",
                    "sku": "CDS83822209",
                    "urlKey": "sanrio-long-hair-clip-aurora-my-melody-pink-cds83822209",
                    "overlayImageUrl": null,
                    "thumbnailUrl": "https://backend.central.co.th/media/catalog/product/c/d/cds83822209-1.jpg",
                    "brand": {
                        "id": "68",
                        "name": "SANRIO",
                        "urlKey": "sanrio",
                        "__typename": "V2Brand"
                    },
                    "priceSummary": {
                        "original": 285,
                        "final": 243,
                        "discount": {
                            "amount": 42,
                            "percentage": 15,
                            "effectiveDateRange": {
                                "from": "2021-10-28T17:00:00.000Z",
                                "to": "2021-11-14T16:59:00.000Z",
                                "__typename": "V2DateRange"
                            },
                            "__typename": "V2Discount"
                        },
                        "__typename": "V2PriceSummary"
                    },
                    "__typename": "V2SimpleProduct"
                },
                {
                    "id": "4934759",
                    "type": "SIMPLE",
                    "name": "กิ๊บหนีบผม AURORALONG HAIR CLI",
                    "sku": "CDS83822223",
                    "urlKey": "sanrio-long-hair-clip-aurora-kuromi-pink-cds83822223",
                    "overlayImageUrl": null,
                    "thumbnailUrl": "https://backend.central.co.th/media/catalog/product/c/d/cds83822223-1.jpg",
                    "brand": {
                        "id": "68",
                        "name": "SANRIO",
                        "urlKey": "sanrio",
                        "__typename": "V2Brand"
                    },
                    "priceSummary": {
                        "original": 285,
                        "final": 243,
                        "discount": {
                            "amount": 42,
                            "percentage": 15,
                            "effectiveDateRange": {
                                "from": "2021-10-28T17:00:00.000Z",
                                "to": "2021-11-14T16:59:00.000Z",
                                "__typename": "V2DateRange"
                            },
                            "__typename": "V2Discount"
                        },
                        "__typename": "V2PriceSummary"
                    },
                    "__typename": "V2SimpleProduct"
                },
                {
                    "id": "6334673",
                    "type": "SIMPLE",
                    "name": "CLI-726M Inkjet Cartridge Magenta",
                    "sku": "MKP0974829",
                    "urlKey": "N/A",
                    "overlayImageUrl": null,
                    "thumbnailUrl": "https://backend.central.co.th/media/catalog/product/c/b/cb7f0d8bdfd41153786a4ed7afb9dd2a4d629333_mkp0974829dummy.jpg",
                    "brand": {
                        "id": "1942",
                        "name": "CANON",
                        "urlKey": "canon",
                        "__typename": "V2Brand"
                    },
                    "priceSummary": {
                        "original": 558,
                        "final": 558,
                        "discount": {
                            "amount": 0,
                            "percentage": 0,
                            "effectiveDateRange": null,
                            "__typename": "V2Discount"
                        },
                        "__typename": "V2PriceSummary"
                    },
                    "__typename": "V2SimpleProduct"
                },
                {
                    "id": "6261550",
                    "type": "SIMPLE",
                    "name": "CLI-821M Inkjet Cartridge Magenta",
                    "sku": "MKP0949536",
                    "urlKey": "canon-cli-821m-inkjet-cartridge-magenta-mkp0949536",
                    "overlayImageUrl": null,
                    "thumbnailUrl": "https://backend.central.co.th/media/catalog/product/6/f/6fa45c773a7ce12672369be3d62c3f422022af4d_mkp0949536dummy.jpg",
                    "brand": {
                        "id": "1942",
                        "name": "CANON",
                        "urlKey": "canon",
                        "__typename": "V2Brand"
                    },
                    "priceSummary": {
                        "original": 539,
                        "final": 539,
                        "discount": {
                            "amount": 0,
                            "percentage": 0,
                            "effectiveDateRange": null,
                            "__typename": "V2Discount"
                        },
                        "__typename": "V2PriceSummary"
                    },
                    "__typename": "V2SimpleProduct"
                },
                {
                    "id": "6264441",
                    "type": "SIMPLE",
                    "name": "CLI-751Y Inkjet Cartridge Yellow",
                    "sku": "MKP0974778",
                    "urlKey": "canon-cli-751y-inkjet-cartridge-yellow-mkp0974778",
                    "overlayImageUrl": null,
                    "thumbnailUrl": "https://backend.central.co.th/media/catalog/product/8/2/829e22609a71e2f4b69ce480f8df1aa7cc498215_mkp0974778dummy.jpg",
                    "brand": {
                        "id": "1942",
                        "name": "CANON",
                        "urlKey": "canon",
                        "__typename": "V2Brand"
                    },
                    "priceSummary": {
                        "original": 625,
                        "final": 625,
                        "discount": {
                            "amount": 0,
                            "percentage": 0,
                            "effectiveDateRange": null,
                            "__typename": "V2Discount"
                        },
                        "__typename": "V2PriceSummary"
                    },
                    "__typename": "V2SimpleProduct"
                }
            ],
            "categories": [
                {
                    "id": "3055",
                    "name": "Home",
                    "parentId": "260",
                    "urlPath": "home",
                    "isGtm": null,
                    "__typename": "V2SuggestSearchCategory"
                },
                {
                    "id": "8400",
                    "name": "CAMPAIGN",
                    "parentId": "260",
                    "urlPath": "promotion-campaign",
                    "isGtm": null,
                    "__typename": "V2SuggestSearchCategory"
                },
                {
                    "id": "3052",
                    "name": "Women",
                    "parentId": "260",
                    "urlPath": "women",
                    "isGtm": null,
                    "__typename": "V2SuggestSearchCategory"
                }
            ],
            "suggestionTerms": [
                "clinique",
                "clini",
                "clin"
            ],
            "__typename": "V2SuggestSearchResult"
        }
    }
}</msg>
<msg timestamp="20211101 09:56:21.638" level="INFO">${response} = {'data': {'v2SuggestSearch': {'products': [{'id': '4933845', 'type': 'SIMPLE', 'name': 'กิ๊บหนีบผม AURORALONG HAIR CLI', 'sku': 'CDS83822216', 'urlKey': 'sanrio-long-hair-clip-aurora-cinnamoroll-light...</msg>
<status status="PASS" starttime="20211101 09:56:21.535" endtime="20211101 09:56:21.638"/>
</kw>
<kw name="Get category name in suggestion data" library="search_api">
<var>${category_name_list}</var>
<arg>${response}</arg>
<kw name="Get Value From Json" library="JSONLibrary">
<var>${category_name_arr}</var>
<arg>${response}</arg>
<arg>$..categories[*].name</arg>
<doc>Get Value From JSON using JSONPath</doc>
<msg timestamp="20211101 09:56:21.662" level="INFO">${category_name_arr} = ['Home', 'CAMPAIGN', 'Women']</msg>
<status status="PASS" starttime="20211101 09:56:21.640" endtime="20211101 09:56:21.662"/>
</kw>
<kw name="Convert To List" library="Collections">
<var>${category_name_list}</var>
<arg>${category_name_arr}</arg>
<doc>Converts the given ``item`` to a Python ``list`` type.</doc>
<msg timestamp="20211101 09:56:21.663" level="INFO">${category_name_list} = ['Home', 'CAMPAIGN', 'Women']</msg>
<status status="PASS" starttime="20211101 09:56:21.662" endtime="20211101 09:56:21.663"/>
</kw>
<msg timestamp="20211101 09:56:21.663" level="INFO">${category_name_list} = ['Home', 'CAMPAIGN', 'Women']</msg>
<status status="PASS" starttime="20211101 09:56:21.639" endtime="20211101 09:56:21.663"/>
</kw>
<kw name="Get suggestion term in suggestion data" library="search_api">
<var>${suggestion_term_list}</var>
<var>${is_display_suggestion_term}</var>
<arg>${response}</arg>
<kw name="Get Value From Json" library="JSONLibrary">
<var>${suggestion_term_arr}</var>
<arg>${response}</arg>
<arg>$..suggestionTerms[*]</arg>
<doc>Get Value From JSON using JSONPath</doc>
<msg timestamp="20211101 09:56:21.694" level="INFO">${suggestion_term_arr} = ['clinique', 'clini', 'clin']</msg>
<status status="PASS" starttime="20211101 09:56:21.664" endtime="20211101 09:56:21.694"/>
</kw>
<kw name="Convert To List" library="Collections">
<var>${suggestion_term_list}</var>
<arg>${suggestion_term_arr}</arg>
<doc>Converts the given ``item`` to a Python ``list`` type.</doc>
<msg timestamp="20211101 09:56:21.695" level="INFO">${suggestion_term_list} = ['clinique', 'clini', 'clin']</msg>
<status status="PASS" starttime="20211101 09:56:21.695" endtime="20211101 09:56:21.695"/>
</kw>
<kw name="Run Keyword And Return Status" library="BuiltIn">
<var>${is_display_suggestion_term}</var>
<arg>Should Be True</arg>
<arg>len(${suggestion_term_list})&gt;0</arg>
<doc>Runs the given keyword with given arguments and returns the status as a Boolean value.</doc>
<kw name="Should Be True" library="BuiltIn">
<arg>len(${suggestion_term_list})&gt;0</arg>
<doc>Fails if the given condition is not true.</doc>
<status status="PASS" starttime="20211101 09:56:21.696" endtime="20211101 09:56:21.696"/>
</kw>
<msg timestamp="20211101 09:56:21.697" level="INFO">${is_display_suggestion_term} = True</msg>
<status status="PASS" starttime="20211101 09:56:21.695" endtime="20211101 09:56:21.697"/>
</kw>
<msg timestamp="20211101 09:56:21.697" level="INFO">${suggestion_term_list} = ['clinique', 'clini', 'clin']</msg>
<msg timestamp="20211101 09:56:21.697" level="INFO">${is_display_suggestion_term} = True</msg>
<status status="PASS" starttime="20211101 09:56:21.663" endtime="20211101 09:56:21.697"/>
</kw>
<kw name="Get product data in suggestion data" library="search_api">
<var>${product_sku_arr}</var>
<var>${product_detail_dict}</var>
<arg>${response}</arg>
<kw name="Get Value From Json" library="JSONLibrary">
<var>${product_sku_arr}</var>
<arg>${response}</arg>
<arg>$..products[*].sku</arg>
<doc>Get Value From JSON using JSONPath</doc>
<msg timestamp="20211101 09:56:21.720" level="INFO">${product_sku_arr} = ['CDS83822216', 'CDS83822209', 'CDS83822223', 'MKP0974829', 'MKP0949536', 'MKP0974778']</msg>
<status status="PASS" starttime="20211101 09:56:21.698" endtime="20211101 09:56:21.720"/>
</kw>
<kw name="Get Value From Json" library="JSONLibrary">
<var>${product_name_arr}</var>
<arg>${response}</arg>
<arg>$..products[*].name</arg>
<doc>Get Value From JSON using JSONPath</doc>
<msg timestamp="20211101 09:56:21.748" level="INFO">${product_name_arr} = ['กิ๊บหนีบผม AURORALONG HAIR CLI', 'กิ๊บหนีบผม AURORALONG HAIR CLI', 'กิ๊บหนีบผม AURORALONG HAIR CLI', 'CLI-726M Inkjet Cartridge Magenta', 'CLI-821M Inkjet Cartridge Magenta', 'CLI-751Y Inkjet Cartri...</msg>
<status status="PASS" starttime="20211101 09:56:21.721" endtime="20211101 09:56:21.748"/>
</kw>
<kw name="Get Value From Json" library="JSONLibrary">
<var>${orignal_price_arr}</var>
<arg>${response}</arg>
<arg>$..products[*].priceSummary.original</arg>
<doc>Get Value From JSON using JSONPath</doc>
<msg timestamp="20211101 09:56:21.769" level="INFO">${orignal_price_arr} = [285, 285, 285, 558, 539, 625]</msg>
<status status="PASS" starttime="20211101 09:56:21.748" endtime="20211101 09:56:21.769"/>
</kw>
<kw name="Get Value From Json" library="JSONLibrary">
<var>${special_price_arr}</var>
<arg>${response}</arg>
<arg>$..products[*].priceSummary.final</arg>
<doc>Get Value From JSON using JSONPath</doc>
<msg timestamp="20211101 09:56:21.786" level="INFO">${special_price_arr} = [243, 243, 243, 558, 539, 625]</msg>
<status status="PASS" starttime="20211101 09:56:21.769" endtime="20211101 09:56:21.786"/>
</kw>
<kw name="Create Dictionary" library="BuiltIn">
<var>${product_detail_dict}</var>
<doc>Creates and returns a dictionary based on the given ``items``.</doc>
<msg timestamp="20211101 09:56:21.787" level="INFO">${product_detail_dict} = {}</msg>
<status status="PASS" starttime="20211101 09:56:21.786" endtime="20211101 09:56:21.787"/>
</kw>
<for flavor="IN RANGE">
<var>${idx}</var>
<value>${0}</value>
<value>len(${product_sku_arr})</value>
<iter>
<var name="${idx}">0</var>
<kw name="Set Variable" library="BuiltIn">
<var>${prefix}</var>
<arg>${product_sku_arr}[${idx}]</arg>
<doc>Returns the given values which can then be assigned to a variables.</doc>
<msg timestamp="20211101 09:56:21.788" level="INFO">${prefix} = CDS83822216</msg>
<status status="PASS" starttime="20211101 09:56:21.788" endtime="20211101 09:56:21.788"/>
</kw>
<kw name="Convert To Number" library="BuiltIn">
<var>${orignal_price}</var>
<arg>${orignal_price_arr}[${idx}]</arg>
<doc>Converts the given item to a floating point number.</doc>
<msg timestamp="20211101 09:56:21.788" level="INFO">${orignal_price} = 285.0</msg>
<status status="PASS" starttime="20211101 09:56:21.788" endtime="20211101 09:56:21.788"/>
</kw>
<kw name="Convert To Number" library="BuiltIn">
<var>${special_price}</var>
<arg>${special_price_arr}[${idx}]</arg>
<doc>Converts the given item to a floating point number.</doc>
<msg timestamp="20211101 09:56:21.789" level="INFO">${special_price} = 243.0</msg>
<status status="PASS" starttime="20211101 09:56:21.788" endtime="20211101 09:56:21.789"/>
</kw>
<kw name="Run Keyword And Return Status" library="BuiltIn">
<var>${is_product_discount}</var>
<arg>Should Be True</arg>
<arg>${special_price}&lt;${orignal_price}</arg>
<doc>Runs the given keyword with given arguments and returns the status as a Boolean value.</doc>
<kw name="Should Be True" library="BuiltIn">
<arg>${special_price}&lt;${orignal_price}</arg>
<doc>Fails if the given condition is not true.</doc>
<status status="PASS" starttime="20211101 09:56:21.789" endtime="20211101 09:56:21.789"/>
</kw>
<msg timestamp="20211101 09:56:21.790" level="INFO">${is_product_discount} = True</msg>
<status status="PASS" starttime="20211101 09:56:21.789" endtime="20211101 09:56:21.790"/>
</kw>
<kw name="Set To Dictionary" library="Collections">
<arg>${product_detail_dict}</arg>
<arg>${prefix}_name=${product_name_arr}[${idx}]</arg>
<arg>${prefix}_orignal_price=${orignal_price}</arg>
<arg>${prefix}_special_price=${special_price}</arg>
<arg>${prefix}_is_discount=${is_product_discount}</arg>
<doc>Adds the given ``key_value_pairs`` and ``items`` to the ``dictionary``.</doc>
<status status="PASS" starttime="20211101 09:56:21.790" endtime="20211101 09:56:21.791"/>
</kw>
<status status="PASS" starttime="20211101 09:56:21.787" endtime="20211101 09:56:21.791"/>
</iter>
<iter>
<var name="${idx}">1</var>
<kw name="Set Variable" library="BuiltIn">
<var>${prefix}</var>
<arg>${product_sku_arr}[${idx}]</arg>
<doc>Returns the given values which can then be assigned to a variables.</doc>
<msg timestamp="20211101 09:56:21.791" level="INFO">${prefix} = CDS83822209</msg>
<status status="PASS" starttime="20211101 09:56:21.791" endtime="20211101 09:56:21.791"/>
</kw>
<kw name="Convert To Number" library="BuiltIn">
<var>${orignal_price}</var>
<arg>${orignal_price_arr}[${idx}]</arg>
<doc>Converts the given item to a floating point number.</doc>
<msg timestamp="20211101 09:56:21.792" level="INFO">${orignal_price} = 285.0</msg>
<status status="PASS" starttime="20211101 09:56:21.791" endtime="20211101 09:56:21.792"/>
</kw>
<kw name="Convert To Number" library="BuiltIn">
<var>${special_price}</var>
<arg>${special_price_arr}[${idx}]</arg>
<doc>Converts the given item to a floating point number.</doc>
<msg timestamp="20211101 09:56:21.792" level="INFO">${special_price} = 243.0</msg>
<status status="PASS" starttime="20211101 09:56:21.792" endtime="20211101 09:56:21.792"/>
</kw>
<kw name="Run Keyword And Return Status" library="BuiltIn">
<var>${is_product_discount}</var>
<arg>Should Be True</arg>
<arg>${special_price}&lt;${orignal_price}</arg>
<doc>Runs the given keyword with given arguments and returns the status as a Boolean value.</doc>
<kw name="Should Be True" library="BuiltIn">
<arg>${special_price}&lt;${orignal_price}</arg>
<doc>Fails if the given condition is not true.</doc>
<status status="PASS" starttime="20211101 09:56:21.793" endtime="20211101 09:56:21.793"/>
</kw>
<msg timestamp="20211101 09:56:21.793" level="INFO">${is_product_discount} = True</msg>
<status status="PASS" starttime="20211101 09:56:21.792" endtime="20211101 09:56:21.793"/>
</kw>
<kw name="Set To Dictionary" library="Collections">
<arg>${product_detail_dict}</arg>
<arg>${prefix}_name=${product_name_arr}[${idx}]</arg>
<arg>${prefix}_orignal_price=${orignal_price}</arg>
<arg>${prefix}_special_price=${special_price}</arg>
<arg>${prefix}_is_discount=${is_product_discount}</arg>
<doc>Adds the given ``key_value_pairs`` and ``items`` to the ``dictionary``.</doc>
<status status="PASS" starttime="20211101 09:56:21.793" endtime="20211101 09:56:21.794"/>
</kw>
<status status="PASS" starttime="20211101 09:56:21.791" endtime="20211101 09:56:21.794"/>
</iter>
<iter>
<var name="${idx}">2</var>
<kw name="Set Variable" library="BuiltIn">
<var>${prefix}</var>
<arg>${product_sku_arr}[${idx}]</arg>
<doc>Returns the given values which can then be assigned to a variables.</doc>
<msg timestamp="20211101 09:56:21.795" level="INFO">${prefix} = CDS83822223</msg>
<status status="PASS" starttime="20211101 09:56:21.794" endtime="20211101 09:56:21.795"/>
</kw>
<kw name="Convert To Number" library="BuiltIn">
<var>${orignal_price}</var>
<arg>${orignal_price_arr}[${idx}]</arg>
<doc>Converts the given item to a floating point number.</doc>
<msg timestamp="20211101 09:56:21.795" level="INFO">${orignal_price} = 285.0</msg>
<status status="PASS" starttime="20211101 09:56:21.795" endtime="20211101 09:56:21.795"/>
</kw>
<kw name="Convert To Number" library="BuiltIn">
<var>${special_price}</var>
<arg>${special_price_arr}[${idx}]</arg>
<doc>Converts the given item to a floating point number.</doc>
<msg timestamp="20211101 09:56:21.795" level="INFO">${special_price} = 243.0</msg>
<status status="PASS" starttime="20211101 09:56:21.795" endtime="20211101 09:56:21.795"/>
</kw>
<kw name="Run Keyword And Return Status" library="BuiltIn">
<var>${is_product_discount}</var>
<arg>Should Be True</arg>
<arg>${special_price}&lt;${orignal_price}</arg>
<doc>Runs the given keyword with given arguments and returns the status as a Boolean value.</doc>
<kw name="Should Be True" library="BuiltIn">
<arg>${special_price}&lt;${orignal_price}</arg>
<doc>Fails if the given condition is not true.</doc>
<status status="PASS" starttime="20211101 09:56:21.796" endtime="20211101 09:56:21.796"/>
</kw>
<msg timestamp="20211101 09:56:21.796" level="INFO">${is_product_discount} = True</msg>
<status status="PASS" starttime="20211101 09:56:21.796" endtime="20211101 09:56:21.796"/>
</kw>
<kw name="Set To Dictionary" library="Collections">
<arg>${product_detail_dict}</arg>
<arg>${prefix}_name=${product_name_arr}[${idx}]</arg>
<arg>${prefix}_orignal_price=${orignal_price}</arg>
<arg>${prefix}_special_price=${special_price}</arg>
<arg>${prefix}_is_discount=${is_product_discount}</arg>
<doc>Adds the given ``key_value_pairs`` and ``items`` to the ``dictionary``.</doc>
<status status="PASS" starttime="20211101 09:56:21.796" endtime="20211101 09:56:21.797"/>
</kw>
<status status="PASS" starttime="20211101 09:56:21.794" endtime="20211101 09:56:21.797"/>
</iter>
<iter>
<var name="${idx}">3</var>
<kw name="Set Variable" library="BuiltIn">
<var>${prefix}</var>
<arg>${product_sku_arr}[${idx}]</arg>
<doc>Returns the given values which can then be assigned to a variables.</doc>
<msg timestamp="20211101 09:56:21.798" level="INFO">${prefix} = MKP0974829</msg>
<status status="PASS" starttime="20211101 09:56:21.798" endtime="20211101 09:56:21.798"/>
</kw>
<kw name="Convert To Number" library="BuiltIn">
<var>${orignal_price}</var>
<arg>${orignal_price_arr}[${idx}]</arg>
<doc>Converts the given item to a floating point number.</doc>
<msg timestamp="20211101 09:56:21.798" level="INFO">${orignal_price} = 558.0</msg>
<status status="PASS" starttime="20211101 09:56:21.798" endtime="20211101 09:56:21.798"/>
</kw>
<kw name="Convert To Number" library="BuiltIn">
<var>${special_price}</var>
<arg>${special_price_arr}[${idx}]</arg>
<doc>Converts the given item to a floating point number.</doc>
<msg timestamp="20211101 09:56:21.799" level="INFO">${special_price} = 558.0</msg>
<status status="PASS" starttime="20211101 09:56:21.798" endtime="20211101 09:56:21.799"/>
</kw>
<kw name="Run Keyword And Return Status" library="BuiltIn">
<var>${is_product_discount}</var>
<arg>Should Be True</arg>
<arg>${special_price}&lt;${orignal_price}</arg>
<doc>Runs the given keyword with given arguments and returns the status as a Boolean value.</doc>
<kw name="Should Be True" library="BuiltIn">
<arg>${special_price}&lt;${orignal_price}</arg>
<doc>Fails if the given condition is not true.</doc>
<msg timestamp="20211101 09:56:21.800" level="FAIL">'558.0&lt;558.0' should be true.</msg>
<status status="FAIL" starttime="20211101 09:56:21.799" endtime="20211101 09:56:21.800"/>
</kw>
<msg timestamp="20211101 09:56:21.800" level="INFO">${is_product_discount} = False</msg>
<status status="PASS" starttime="20211101 09:56:21.799" endtime="20211101 09:56:21.800"/>
</kw>
<kw name="Set To Dictionary" library="Collections">
<arg>${product_detail_dict}</arg>
<arg>${prefix}_name=${product_name_arr}[${idx}]</arg>
<arg>${prefix}_orignal_price=${orignal_price}</arg>
<arg>${prefix}_special_price=${special_price}</arg>
<arg>${prefix}_is_discount=${is_product_discount}</arg>
<doc>Adds the given ``key_value_pairs`` and ``items`` to the ``dictionary``.</doc>
<status status="PASS" starttime="20211101 09:56:21.800" endtime="20211101 09:56:21.801"/>
</kw>
<status status="PASS" starttime="20211101 09:56:21.797" endtime="20211101 09:56:21.801"/>
</iter>
<iter>
<var name="${idx}">4</var>
<kw name="Set Variable" library="BuiltIn">
<var>${prefix}</var>
<arg>${product_sku_arr}[${idx}]</arg>
<doc>Returns the given values which can then be assigned to a variables.</doc>
<msg timestamp="20211101 09:56:21.802" level="INFO">${prefix} = MKP0949536</msg>
<status status="PASS" starttime="20211101 09:56:21.801" endtime="20211101 09:56:21.802"/>
</kw>
<kw name="Convert To Number" library="BuiltIn">
<var>${orignal_price}</var>
<arg>${orignal_price_arr}[${idx}]</arg>
<doc>Converts the given item to a floating point number.</doc>
<msg timestamp="20211101 09:56:21.802" level="INFO">${orignal_price} = 539.0</msg>
<status status="PASS" starttime="20211101 09:56:21.802" endtime="20211101 09:56:21.802"/>
</kw>
<kw name="Convert To Number" library="BuiltIn">
<var>${special_price}</var>
<arg>${special_price_arr}[${idx}]</arg>
<doc>Converts the given item to a floating point number.</doc>
<msg timestamp="20211101 09:56:21.803" level="INFO">${special_price} = 539.0</msg>
<status status="PASS" starttime="20211101 09:56:21.802" endtime="20211101 09:56:21.803"/>
</kw>
<kw name="Run Keyword And Return Status" library="BuiltIn">
<var>${is_product_discount}</var>
<arg>Should Be True</arg>
<arg>${special_price}&lt;${orignal_price}</arg>
<doc>Runs the given keyword with given arguments and returns the status as a Boolean value.</doc>
<kw name="Should Be True" library="BuiltIn">
<arg>${special_price}&lt;${orignal_price}</arg>
<doc>Fails if the given condition is not true.</doc>
<msg timestamp="20211101 09:56:21.804" level="FAIL">'539.0&lt;539.0' should be true.</msg>
<status status="FAIL" starttime="20211101 09:56:21.803" endtime="20211101 09:56:21.804"/>
</kw>
<msg timestamp="20211101 09:56:21.804" level="INFO">${is_product_discount} = False</msg>
<status status="PASS" starttime="20211101 09:56:21.803" endtime="20211101 09:56:21.804"/>
</kw>
<kw name="Set To Dictionary" library="Collections">
<arg>${product_detail_dict}</arg>
<arg>${prefix}_name=${product_name_arr}[${idx}]</arg>
<arg>${prefix}_orignal_price=${orignal_price}</arg>
<arg>${prefix}_special_price=${special_price}</arg>
<arg>${prefix}_is_discount=${is_product_discount}</arg>
<doc>Adds the given ``key_value_pairs`` and ``items`` to the ``dictionary``.</doc>
<status status="PASS" starttime="20211101 09:56:21.804" endtime="20211101 09:56:21.805"/>
</kw>
<status status="PASS" starttime="20211101 09:56:21.801" endtime="20211101 09:56:21.805"/>
</iter>
<iter>
<var name="${idx}">5</var>
<kw name="Set Variable" library="BuiltIn">
<var>${prefix}</var>
<arg>${product_sku_arr}[${idx}]</arg>
<doc>Returns the given values which can then be assigned to a variables.</doc>
<msg timestamp="20211101 09:56:21.805" level="INFO">${prefix} = MKP0974778</msg>
<status status="PASS" starttime="20211101 09:56:21.805" endtime="20211101 09:56:21.806"/>
</kw>
<kw name="Convert To Number" library="BuiltIn">
<var>${orignal_price}</var>
<arg>${orignal_price_arr}[${idx}]</arg>
<doc>Converts the given item to a floating point number.</doc>
<msg timestamp="20211101 09:56:21.806" level="INFO">${orignal_price} = 625.0</msg>
<status status="PASS" starttime="20211101 09:56:21.806" endtime="20211101 09:56:21.806"/>
</kw>
<kw name="Convert To Number" library="BuiltIn">
<var>${special_price}</var>
<arg>${special_price_arr}[${idx}]</arg>
<doc>Converts the given item to a floating point number.</doc>
<msg timestamp="20211101 09:56:21.806" level="INFO">${special_price} = 625.0</msg>
<status status="PASS" starttime="20211101 09:56:21.806" endtime="20211101 09:56:21.806"/>
</kw>
<kw name="Run Keyword And Return Status" library="BuiltIn">
<var>${is_product_discount}</var>
<arg>Should Be True</arg>
<arg>${special_price}&lt;${orignal_price}</arg>
<doc>Runs the given keyword with given arguments and returns the status as a Boolean value.</doc>
<kw name="Should Be True" library="BuiltIn">
<arg>${special_price}&lt;${orignal_price}</arg>
<doc>Fails if the given condition is not true.</doc>
<msg timestamp="20211101 09:56:21.807" level="FAIL">'625.0&lt;625.0' should be true.</msg>
<status status="FAIL" starttime="20211101 09:56:21.807" endtime="20211101 09:56:21.807"/>
</kw>
<msg timestamp="20211101 09:56:21.807" level="INFO">${is_product_discount} = False</msg>
<status status="PASS" starttime="20211101 09:56:21.807" endtime="20211101 09:56:21.808"/>
</kw>
<kw name="Set To Dictionary" library="Collections">
<arg>${product_detail_dict}</arg>
<arg>${prefix}_name=${product_name_arr}[${idx}]</arg>
<arg>${prefix}_orignal_price=${orignal_price}</arg>
<arg>${prefix}_special_price=${special_price}</arg>
<arg>${prefix}_is_discount=${is_product_discount}</arg>
<doc>Adds the given ``key_value_pairs`` and ``items`` to the ``dictionary``.</doc>
<status status="PASS" starttime="20211101 09:56:21.808" endtime="20211101 09:56:21.809"/>
</kw>
<status status="PASS" starttime="20211101 09:56:21.805" endtime="20211101 09:56:21.809"/>
</iter>
<status status="PASS" starttime="20211101 09:56:21.787" endtime="20211101 09:56:21.809"/>
</for>
<msg timestamp="20211101 09:56:21.809" level="INFO">${product_sku_arr} = ['CDS83822216', 'CDS83822209', 'CDS83822223', 'MKP0974829', 'MKP0949536', 'MKP0974778']</msg>
<msg timestamp="20211101 09:56:21.809" level="INFO">${product_detail_dict} = {'CDS83822216_name': 'กิ๊บหนีบผม AURORALONG HAIR CLI', 'CDS83822216_orignal_price': 285.0, 'CDS83822216_special_price': 243.0, 'CDS83822216_is_discount': True, 'CDS83822209_name': 'กิ๊บหนีบผม AURORALO...</msg>
<status status="PASS" starttime="20211101 09:56:21.697" endtime="20211101 09:56:21.809"/>
</kw>
<kw name="Set Test Variable" library="BuiltIn">
<arg>${api_category_name_list}</arg>
<arg>${category_name_list}</arg>
<doc>Makes a variable available everywhere within the scope of the current test.</doc>
<msg timestamp="20211101 09:56:21.810" level="INFO">${api_category_name_list} = ['Home', 'CAMPAIGN', 'Women']</msg>
<status status="PASS" starttime="20211101 09:56:21.809" endtime="20211101 09:56:21.810"/>
</kw>
<kw name="Set Test Variable" library="BuiltIn">
<arg>${api_suggestion_term_list}</arg>
<arg>${suggestion_term_list}</arg>
<doc>Makes a variable available everywhere within the scope of the current test.</doc>
<msg timestamp="20211101 09:56:21.811" level="INFO">${api_suggestion_term_list} = ['clinique', 'clini', 'clin']</msg>
<status status="PASS" starttime="20211101 09:56:21.810" endtime="20211101 09:56:21.812"/>
</kw>
<kw name="Set Test Variable" library="BuiltIn">
<arg>${is_display_suggestion_term}</arg>
<arg>${is_display_suggestion_term}</arg>
<doc>Makes a variable available everywhere within the scope of the current test.</doc>
<msg timestamp="20211101 09:56:21.812" level="INFO">${is_display_suggestion_term} = True</msg>
<status status="PASS" starttime="20211101 09:56:21.812" endtime="20211101 09:56:21.812"/>
</kw>
<kw name="Set Test Variable" library="BuiltIn">
<arg>${api_product_sku_arr}</arg>
<arg>${product_sku_arr}</arg>
<doc>Makes a variable available everywhere within the scope of the current test.</doc>
<msg timestamp="20211101 09:56:21.813" level="INFO">${api_product_sku_arr} = ['CDS83822216', 'CDS83822209', 'CDS83822223', 'MKP0974829', 'MKP0949536', 'MKP0974778']</msg>
<status status="PASS" starttime="20211101 09:56:21.812" endtime="20211101 09:56:21.813"/>
</kw>
<kw name="Set Test Variable" library="BuiltIn">
<arg>${api_product_detail_dict}</arg>
<arg>${product_detail_dict}</arg>
<doc>Makes a variable available everywhere within the scope of the current test.</doc>
<msg timestamp="20211101 09:56:21.814" level="INFO">${api_product_detail_dict} = {'CDS83822216_name': 'กิ๊บหนีบผม AURORALONG HAIR CLI', 'CDS83822216_orignal_price': 285.0, 'CDS83822216_special_price': 243.0, 'CDS83822216_is_discount': True, 'CDS83822209_name': 'กิ๊บหนีบผม AURORALO...</msg>
<status status="PASS" starttime="20211101 09:56:21.813" endtime="20211101 09:56:21.814"/>
</kw>
<status status="PASS" starttime="20211101 09:56:17.738" endtime="20211101 09:56:21.815"/>
</kw>
<kw name="Input text on search box" library="header_fragment">
<arg>${keyword}</arg>
<doc>Input search keyword in search box</doc>
<kw name="Input Text" library="common_keywords">
<arg>${headerFragmentLocator}[input_search_box]</arg>
<arg>${keyword}</arg>
<doc>Input text into target element
${locator} - Locator of target element</doc>
<kw name="Wait Element Is Visible" library="common_keywords">
<arg>${locator}</arg>
<arg>${timeout}</arg>
<doc>Wait element is visible
xpath=(//*[@id='txt-searchProductOnSearchBar'])[1] - Locator of target element
30 - Waiting time for target element visible</doc>
<kw name="Wait Until Element Is Visible" library="SeleniumLibrary">
<arg>${locator}</arg>
<arg>timeout=${timeout}</arg>
<doc>Waits until the element ``locator`` is visible.</doc>
<status status="PASS" starttime="20211101 09:56:21.817" endtime="20211101 09:56:22.228"/>
</kw>
<status status="PASS" starttime="20211101 09:56:21.816" endtime="20211101 09:56:22.228"/>
</kw>
<kw name="Click Element" library="SeleniumLibrary">
<arg>${locator}</arg>
<doc>Click the element identified by ``locator``.</doc>
<msg timestamp="20211101 09:56:22.229" level="INFO">Clicking element 'xpath=(//*[@id='txt-searchProductOnSearchBar'])[1]'.</msg>
<status status="PASS" starttime="20211101 09:56:22.228" endtime="20211101 09:56:22.305"/>
</kw>
<kw name="Clear Element Text" library="SeleniumLibrary">
<arg>${locator}</arg>
<doc>Clears the value of the text-input-element identified by ``locator``.</doc>
<status status="PASS" starttime="20211101 09:56:22.305" endtime="20211101 09:56:22.996"/>
</kw>
<kw name="Input Text" library="SeleniumLibrary">
<arg>${locator}</arg>
<arg>${keyword}</arg>
<doc>Types the given ``text`` into the text field identified by ``locator``.</doc>
<msg timestamp="20211101 09:56:22.996" level="INFO">Typing text 'cli' into text field 'xpath=(//*[@id='txt-searchProductOnSearchBar'])[1]'.</msg>
<status status="PASS" starttime="20211101 09:56:22.996" endtime="20211101 09:56:23.050"/>
</kw>
<status status="PASS" starttime="20211101 09:56:21.816" endtime="20211101 09:56:23.050"/>
</kw>
<status status="PASS" starttime="20211101 09:56:21.815" endtime="20211101 09:56:23.050"/>
</kw>
<kw name="Verify suggestion list data is displayed correctly with verify with API" library="suggestion_fragment_feature">
<kw name="Get Variable Value" library="BuiltIn">
<var>${api_suggestion_term_list}</var>
<arg>${api_suggestion_term_list}</arg>
<doc>Returns variable value or ``default`` if the variable does not exist.</doc>
<msg timestamp="20211101 09:56:23.051" level="INFO">${api_suggestion_term_list} = ['clinique', 'clini', 'clin']</msg>
<status status="PASS" starttime="20211101 09:56:23.051" endtime="20211101 09:56:23.052"/>
</kw>
<kw name="Get Variable Value" library="BuiltIn">
<var>${is_display_suggestion_term}</var>
<arg>${is_display_suggestion_term}</arg>
<doc>Returns variable value or ``default`` if the variable does not exist.</doc>
<msg timestamp="20211101 09:56:23.052" level="INFO">${is_display_suggestion_term} = True</msg>
<status status="PASS" starttime="20211101 09:56:23.052" endtime="20211101 09:56:23.052"/>
</kw>
<kw name="Get Variable Value" library="BuiltIn">
<var>${api_category_name_list}</var>
<arg>${api_category_name_list}</arg>
<doc>Returns variable value or ``default`` if the variable does not exist.</doc>
<msg timestamp="20211101 09:56:23.052" level="INFO">${api_category_name_list} = ['Home', 'CAMPAIGN', 'Women']</msg>
<status status="PASS" starttime="20211101 09:56:23.052" endtime="20211101 09:56:23.052"/>
</kw>
<kw name="Get Variable Value" library="BuiltIn">
<var>${api_product_sku_arr}</var>
<arg>${api_product_sku_arr}</arg>
<doc>Returns variable value or ``default`` if the variable does not exist.</doc>
<msg timestamp="20211101 09:56:23.053" level="INFO">${api_product_sku_arr} = ['CDS83822216', 'CDS83822209', 'CDS83822223', 'MKP0974829', 'MKP0949536', 'MKP0974778']</msg>
<status status="PASS" starttime="20211101 09:56:23.053" endtime="20211101 09:56:23.053"/>
</kw>
<kw name="Get Variable Value" library="BuiltIn">
<var>${api_product_detail_dict}</var>
<arg>${api_product_detail_dict}</arg>
<doc>Returns variable value or ``default`` if the variable does not exist.</doc>
<msg timestamp="20211101 09:56:23.053" level="INFO">${api_product_detail_dict} = {'CDS83822216_name': 'กิ๊บหนีบผม AURORALONG HAIR CLI', 'CDS83822216_orignal_price': 285.0, 'CDS83822216_special_price': 243.0, 'CDS83822216_is_discount': True, 'CDS83822209_name': 'กิ๊บหนีบผม AURORALO...</msg>
<status status="PASS" starttime="20211101 09:56:23.053" endtime="20211101 09:56:23.053"/>
</kw>
<kw name="Run Keyword If" library="BuiltIn">
<arg>${is_display_suggestion_term}</arg>
<arg>Verify Search Keywords data is displayed correctly with verify with API</arg>
<arg>${api_suggestion_term_list}</arg>
<doc>Runs the given keyword with the given arguments, if ``condition`` is true.</doc>
<kw name="Verify Search Keywords data is displayed correctly with verify with API" library="suggestion_fragment_feature">
<arg>${api_suggestion_term_list}</arg>
<kw name="Verify Search Keywords part is displayed" library="suggestion_fragment">
<kw name="Wait Element Is Visible" library="common_keywords">
<arg>${suggestionFragmentLocator}[txt_search_keywords]</arg>
<doc>Wait element is visible
${locator} - Locator of target element
${timeout} - Waiting time for target element visible</doc>
<kw name="Wait Until Element Is Visible" library="SeleniumLibrary">
<arg>${locator}</arg>
<arg>timeout=${timeout}</arg>
<doc>Waits until the element ``locator`` is visible.</doc>
<status status="PASS" starttime="20211101 09:56:23.057" endtime="20211101 09:56:24.161"/>
</kw>
<status status="PASS" starttime="20211101 09:56:23.056" endtime="20211101 09:56:24.161"/>
</kw>
<status status="PASS" starttime="20211101 09:56:23.054" endtime="20211101 09:56:24.161"/>
</kw>
<kw name="Get search keywords data in suggestion list" library="suggestion_fragment">
<var>${suggestion_keywords_UI}</var>
<kw name="Get Elements Text" library="common_keywords">
<var>${search_keyword_data_UI}</var>
<arg>${suggestionFragmentLocator}[txt_search_keywords_data]</arg>
<kw name="Get Elements" library="common_keywords">
<var>@{elems}</var>
<arg>${locator}</arg>
<doc>This keyword for getting elements after verify these elements is visible
${elems} - Varargs of locators or elements</doc>
<kw name="Verify Elements Are Visible" library="common_keywords">
<arg>@{elems}</arg>
<doc>This keyword verify that page contains elements specified in arguments and verify each element is visible
["xpath=//*[@data-testid='lnk-viewSearchSuggestionPopup-term']"] - Varargs of locators or elements</doc>
<for flavor="IN">
<var>${elem}</var>
<value>@{elems}</value>
<iter>
<var name="${elem}">xpath=//*[@data-testid='lnk-viewSearchSuggestionPopup-term']</var>
<kw name="Wait Until Element Is Visible" library="SeleniumLibrary">
<arg>${elem}</arg>
<arg>timeout=${GLOBALTIMEOUT}</arg>
<doc>Waits until the element ``locator`` is visible.</doc>
<status status="PASS" starttime="20211101 09:56:24.164" endtime="20211101 09:56:24.192"/>
</kw>
<status status="PASS" starttime="20211101 09:56:24.164" endtime="20211101 09:56:24.192"/>
</iter>
<status status="PASS" starttime="20211101 09:56:24.164" endtime="20211101 09:56:24.192"/>
</for>
<status status="PASS" starttime="20211101 09:56:24.163" endtime="20211101 09:56:24.193"/>
</kw>
<kw name="Get WebElements" library="SeleniumLibrary">
<var>@{elements}</var>
<arg>@{elems}</arg>
<doc>Returns a list of WebElement objects matching the ``locator``.</doc>
<msg timestamp="20211101 09:56:24.208" level="INFO">@{elements} = [ &lt;selenium.webdriver.support.event_firing_webdriver.EventFiringWebElement object at 0x0000020803267BE0&gt; | &lt;selenium.webdriver.support.event_firing_webdriver.EventFiringWebElement object at 0x00000208...</msg>
<status status="PASS" starttime="20211101 09:56:24.193" endtime="20211101 09:56:24.208"/>
</kw>
<msg timestamp="20211101 09:56:24.208" level="INFO">@{elems} = [ &lt;selenium.webdriver.support.event_firing_webdriver.EventFiringWebElement object at 0x0000020803267BE0&gt; | &lt;selenium.webdriver.support.event_firing_webdriver.EventFiringWebElement object at 0x00000208...</msg>
<status status="PASS" starttime="20211101 09:56:24.163" endtime="20211101 09:56:24.208"/>
</kw>
<kw name="Create List" library="BuiltIn">
<var>${elem_txt_list}</var>
<doc>Returns a list containing given items.</doc>
<msg timestamp="20211101 09:56:24.209" level="INFO">${elem_txt_list} = []</msg>
<status status="PASS" starttime="20211101 09:56:24.209" endtime="20211101 09:56:24.209"/>
</kw>
<for flavor="IN">
<var>${elem}</var>
<value>@{elems}</value>
<iter>
<var name="${elem}">&lt;selenium.webdriver.support.event_firing_webdriver.EventFiringWebElement object at 0x0000020803267BE0&gt;</var>
<kw name="Get Text" library="common_keywords">
<var>${elem_text}</var>
<arg>${elem}</arg>
<doc>Get text of target element
xpath=//*[@data-testid='lnk-viewSearchSuggestionPopup-term'] - Locator of target element</doc>
<kw name="Wait Element Is Visible" library="common_keywords">
<arg>${locator}</arg>
<doc>Wait element is visible
&lt;selenium.webdriver.support.event_firing_webdriver.EventFiringWebElement object at 0x0000020803267BE0&gt; - Locator of target element
${timeout} - Waiting time for target element visible</doc>
<kw name="Wait Until Element Is Visible" library="SeleniumLibrary">
<arg>${locator}</arg>
<arg>timeout=${timeout}</arg>
<doc>Waits until the element ``locator`` is visible.</doc>
<status status="PASS" starttime="20211101 09:56:24.211" endtime="20211101 09:56:24.219"/>
</kw>
<status status="PASS" starttime="20211101 09:56:24.211" endtime="20211101 09:56:24.220"/>
</kw>
<kw name="Get Text" library="SeleniumLibrary">
<var>${text}</var>
<arg>${locator}</arg>
<doc>Returns the text value of the element identified by ``locator``.</doc>
<msg timestamp="20211101 09:56:24.231" level="INFO">${text} = clinique</msg>
<status status="PASS" starttime="20211101 09:56:24.220" endtime="20211101 09:56:24.231"/>
</kw>
<msg timestamp="20211101 09:56:24.231" level="INFO">${elem_text} = clinique</msg>
<status status="PASS" starttime="20211101 09:56:24.209" endtime="20211101 09:56:24.231"/>
</kw>
<kw name="Append To List" library="Collections">
<arg>${elem_txt_list}</arg>
<arg>${elem_text}</arg>
<doc>Adds ``values`` to the end of ``list``.</doc>
<status status="PASS" starttime="20211101 09:56:24.232" endtime="20211101 09:56:24.232"/>
</kw>
<status status="PASS" starttime="20211101 09:56:24.209" endtime="20211101 09:56:24.232"/>
</iter>
<iter>
<var name="${elem}">&lt;selenium.webdriver.support.event_firing_webdriver.EventFiringWebElement object at 0x00000208032679D0&gt;</var>
<kw name="Get Text" library="common_keywords">
<var>${elem_text}</var>
<arg>${elem}</arg>
<doc>Get text of target element
xpath=//*[@data-testid='lnk-viewSearchSuggestionPopup-term'] - Locator of target element</doc>
<kw name="Wait Element Is Visible" library="common_keywords">
<arg>${locator}</arg>
<doc>Wait element is visible
&lt;selenium.webdriver.support.event_firing_webdriver.EventFiringWebElement object at 0x00000208032679D0&gt; - Locator of target element
${timeout} - Waiting time for target element visible</doc>
<kw name="Wait Until Element Is Visible" library="SeleniumLibrary">
<arg>${locator}</arg>
<arg>timeout=${timeout}</arg>
<doc>Waits until the element ``locator`` is visible.</doc>
<status status="PASS" starttime="20211101 09:56:24.234" endtime="20211101 09:56:24.244"/>
</kw>
<status status="PASS" starttime="20211101 09:56:24.233" endtime="20211101 09:56:24.244"/>
</kw>
<kw name="Get Text" library="SeleniumLibrary">
<var>${text}</var>
<arg>${locator}</arg>
<doc>Returns the text value of the element identified by ``locator``.</doc>
<msg timestamp="20211101 09:56:24.256" level="INFO">${text} = clini</msg>
<status status="PASS" starttime="20211101 09:56:24.245" endtime="20211101 09:56:24.256"/>
</kw>
<msg timestamp="20211101 09:56:24.257" level="INFO">${elem_text} = clini</msg>
<status status="PASS" starttime="20211101 09:56:24.232" endtime="20211101 09:56:24.257"/>
</kw>
<kw name="Append To List" library="Collections">
<arg>${elem_txt_list}</arg>
<arg>${elem_text}</arg>
<doc>Adds ``values`` to the end of ``list``.</doc>
<status status="PASS" starttime="20211101 09:56:24.257" endtime="20211101 09:56:24.257"/>
</kw>
<status status="PASS" starttime="20211101 09:56:24.232" endtime="20211101 09:56:24.257"/>
</iter>
<iter>
<var name="${elem}">&lt;selenium.webdriver.support.event_firing_webdriver.EventFiringWebElement object at 0x0000020803267100&gt;</var>
<kw name="Get Text" library="common_keywords">
<var>${elem_text}</var>
<arg>${elem}</arg>
<doc>Get text of target element
xpath=//*[@data-testid='lnk-viewSearchSuggestionPopup-term'] - Locator of target element</doc>
<kw name="Wait Element Is Visible" library="common_keywords">
<arg>${locator}</arg>
<doc>Wait element is visible
&lt;selenium.webdriver.support.event_firing_webdriver.EventFiringWebElement object at 0x0000020803267100&gt; - Locator of target element
${timeout} - Waiting time for target element visible</doc>
<kw name="Wait Until Element Is Visible" library="SeleniumLibrary">
<arg>${locator}</arg>
<arg>timeout=${timeout}</arg>
<doc>Waits until the element ``locator`` is visible.</doc>
<status status="PASS" starttime="20211101 09:56:24.259" endtime="20211101 09:56:24.269"/>
</kw>
<status status="PASS" starttime="20211101 09:56:24.259" endtime="20211101 09:56:24.269"/>
</kw>
<kw name="Get Text" library="SeleniumLibrary">
<var>${text}</var>
<arg>${locator}</arg>
<doc>Returns the text value of the element identified by ``locator``.</doc>
<msg timestamp="20211101 09:56:24.282" level="INFO">${text} = clin</msg>
<status status="PASS" starttime="20211101 09:56:24.269" endtime="20211101 09:56:24.282"/>
</kw>
<msg timestamp="20211101 09:56:24.282" level="INFO">${elem_text} = clin</msg>
<status status="PASS" starttime="20211101 09:56:24.258" endtime="20211101 09:56:24.282"/>
</kw>
<kw name="Append To List" library="Collections">
<arg>${elem_txt_list}</arg>
<arg>${elem_text}</arg>
<doc>Adds ``values`` to the end of ``list``.</doc>
<status status="PASS" starttime="20211101 09:56:24.282" endtime="20211101 09:56:24.283"/>
</kw>
<status status="PASS" starttime="20211101 09:56:24.257" endtime="20211101 09:56:24.283"/>
</iter>
<status status="PASS" starttime="20211101 09:56:24.209" endtime="20211101 09:56:24.283"/>
</for>
<msg timestamp="20211101 09:56:24.283" level="INFO">${search_keyword_data_UI} = ['clinique', 'clini', 'clin']</msg>
<status status="PASS" starttime="20211101 09:56:24.162" endtime="20211101 09:56:24.283"/>
</kw>
<msg timestamp="20211101 09:56:24.283" level="INFO">${suggestion_keywords_UI} = ['clinique', 'clini', 'clin']</msg>
<status status="PASS" starttime="20211101 09:56:24.161" endtime="20211101 09:56:24.283"/>
</kw>
<kw name="Lists Should Be Equal" library="Collections">
<arg>${api_suggestion_term_list}</arg>
<arg>${suggestion_keywords_UI}</arg>
<arg>ignore_order=True</arg>
<doc>Fails if given lists are unequal.</doc>
<status status="PASS" starttime="20211101 09:56:24.283" endtime="20211101 09:56:24.284"/>
</kw>
<status status="PASS" starttime="20211101 09:56:23.054" endtime="20211101 09:56:24.284"/>
</kw>
<status status="PASS" starttime="20211101 09:56:23.054" endtime="20211101 09:56:24.284"/>
</kw>
<kw name="Verify Categories data is displayed correctly with verify with API" library="suggestion_fragment_feature">
<arg>${api_category_name_list}</arg>
<kw name="Verify Categories part is displayed" library="suggestion_fragment">
<kw name="Wait Element Is Visible" library="common_keywords">
<arg>${suggestionFragmentLocator}[txt_categories]</arg>
<doc>Wait element is visible
${locator} - Locator of target element
${timeout} - Waiting time for target element visible</doc>
<kw name="Wait Until Element Is Visible" library="SeleniumLibrary">
<arg>${locator}</arg>
<arg>timeout=${timeout}</arg>
<doc>Waits until the element ``locator`` is visible.</doc>
<status status="PASS" starttime="20211101 09:56:24.287" endtime="20211101 09:56:24.314"/>
</kw>
<status status="PASS" starttime="20211101 09:56:24.286" endtime="20211101 09:56:24.315"/>
</kw>
<status status="PASS" starttime="20211101 09:56:24.285" endtime="20211101 09:56:24.315"/>
</kw>
<kw name="Get categories data in suggestion list" library="suggestion_fragment">
<var>${categories_UI}</var>
<kw name="Get Elements Text" library="common_keywords">
<var>${categories_data_UI}</var>
<arg>${suggestionFragmentLocator}[txt_categories_data]</arg>
<kw name="Get Elements" library="common_keywords">
<var>@{elems}</var>
<arg>${locator}</arg>
<doc>This keyword for getting elements after verify these elements is visible
${elems} - Varargs of locators or elements</doc>
<kw name="Verify Elements Are Visible" library="common_keywords">
<arg>@{elems}</arg>
<doc>This keyword verify that page contains elements specified in arguments and verify each element is visible
["xpath=//*[@data-testid='lnk-viewSearchSuggestionPopup-category']"] - Varargs of locators or elements</doc>
<for flavor="IN">
<var>${elem}</var>
<value>@{elems}</value>
<iter>
<var name="${elem}">xpath=//*[@data-testid='lnk-viewSearchSuggestionPopup-category']</var>
<kw name="Wait Until Element Is Visible" library="SeleniumLibrary">
<arg>${elem}</arg>
<arg>timeout=${GLOBALTIMEOUT}</arg>
<doc>Waits until the element ``locator`` is visible.</doc>
<status status="PASS" starttime="20211101 09:56:24.318" endtime="20211101 09:56:24.351"/>
</kw>
<status status="PASS" starttime="20211101 09:56:24.318" endtime="20211101 09:56:24.351"/>
</iter>
<status status="PASS" starttime="20211101 09:56:24.317" endtime="20211101 09:56:24.351"/>
</for>
<status status="PASS" starttime="20211101 09:56:24.317" endtime="20211101 09:56:24.351"/>
</kw>
<kw name="Get WebElements" library="SeleniumLibrary">
<var>@{elements}</var>
<arg>@{elems}</arg>
<doc>Returns a list of WebElement objects matching the ``locator``.</doc>
<msg timestamp="20211101 09:56:24.366" level="INFO">@{elements} = [ &lt;selenium.webdriver.support.event_firing_webdriver.EventFiringWebElement object at 0x000002087FFEE430&gt; | &lt;selenium.webdriver.support.event_firing_webdriver.EventFiringWebElement object at 0x00000208...</msg>
<status status="PASS" starttime="20211101 09:56:24.351" endtime="20211101 09:56:24.366"/>
</kw>
<msg timestamp="20211101 09:56:24.367" level="INFO">@{elems} = [ &lt;selenium.webdriver.support.event_firing_webdriver.EventFiringWebElement object at 0x000002087FFEE430&gt; | &lt;selenium.webdriver.support.event_firing_webdriver.EventFiringWebElement object at 0x00000208...</msg>
<status status="PASS" starttime="20211101 09:56:24.317" endtime="20211101 09:56:24.367"/>
</kw>
<kw name="Create List" library="BuiltIn">
<var>${elem_txt_list}</var>
<doc>Returns a list containing given items.</doc>
<msg timestamp="20211101 09:56:24.367" level="INFO">${elem_txt_list} = []</msg>
<status status="PASS" starttime="20211101 09:56:24.367" endtime="20211101 09:56:24.367"/>
</kw>
<for flavor="IN">
<var>${elem}</var>
<value>@{elems}</value>
<iter>
<var name="${elem}">&lt;selenium.webdriver.support.event_firing_webdriver.EventFiringWebElement object at 0x000002087FFEE430&gt;</var>
<kw name="Get Text" library="common_keywords">
<var>${elem_text}</var>
<arg>${elem}</arg>
<doc>Get text of target element
xpath=//*[@data-testid='lnk-viewSearchSuggestionPopup-category'] - Locator of target element</doc>
<kw name="Wait Element Is Visible" library="common_keywords">
<arg>${locator}</arg>
<doc>Wait element is visible
&lt;selenium.webdriver.support.event_firing_webdriver.EventFiringWebElement object at 0x000002087FFEE430&gt; - Locator of target element
${timeout} - Waiting time for target element visible</doc>
<kw name="Wait Until Element Is Visible" library="SeleniumLibrary">
<arg>${locator}</arg>
<arg>timeout=${timeout}</arg>
<doc>Waits until the element ``locator`` is visible.</doc>
<status status="PASS" starttime="20211101 09:56:24.370" endtime="20211101 09:56:24.380"/>
</kw>
<status status="PASS" starttime="20211101 09:56:24.369" endtime="20211101 09:56:24.380"/>
</kw>
<kw name="Get Text" library="SeleniumLibrary">
<var>${text}</var>
<arg>${locator}</arg>
<doc>Returns the text value of the element identified by ``locator``.</doc>
<msg timestamp="20211101 09:56:24.390" level="INFO">${text} = in Home</msg>
<status status="PASS" starttime="20211101 09:56:24.380" endtime="20211101 09:56:24.390"/>
</kw>
<msg timestamp="20211101 09:56:24.390" level="INFO">${elem_text} = in Home</msg>
<status status="PASS" starttime="20211101 09:56:24.368" endtime="20211101 09:56:24.390"/>
</kw>
<kw name="Append To List" library="Collections">
<arg>${elem_txt_list}</arg>
<arg>${elem_text}</arg>
<doc>Adds ``values`` to the end of ``list``.</doc>
<status status="PASS" starttime="20211101 09:56:24.391" endtime="20211101 09:56:24.391"/>
</kw>
<status status="PASS" starttime="20211101 09:56:24.367" endtime="20211101 09:56:24.391"/>
</iter>
<iter>
<var name="${elem}">&lt;selenium.webdriver.support.event_firing_webdriver.EventFiringWebElement object at 0x000002087FF23760&gt;</var>
<kw name="Get Text" library="common_keywords">
<var>${elem_text}</var>
<arg>${elem}</arg>
<doc>Get text of target element
xpath=//*[@data-testid='lnk-viewSearchSuggestionPopup-category'] - Locator of target element</doc>
<kw name="Wait Element Is Visible" library="common_keywords">
<arg>${locator}</arg>
<doc>Wait element is visible
&lt;selenium.webdriver.support.event_firing_webdriver.EventFiringWebElement object at 0x000002087FF23760&gt; - Locator of target element
${timeout} - Waiting time for target element visible</doc>
<kw name="Wait Until Element Is Visible" library="SeleniumLibrary">
<arg>${locator}</arg>
<arg>timeout=${timeout}</arg>
<doc>Waits until the element ``locator`` is visible.</doc>
<status status="PASS" starttime="20211101 09:56:24.393" endtime="20211101 09:56:24.403"/>
</kw>
<status status="PASS" starttime="20211101 09:56:24.392" endtime="20211101 09:56:24.403"/>
</kw>
<kw name="Get Text" library="SeleniumLibrary">
<var>${text}</var>
<arg>${locator}</arg>
<doc>Returns the text value of the element identified by ``locator``.</doc>
<msg timestamp="20211101 09:56:24.414" level="INFO">${text} = in CAMPAIGN</msg>
<status status="PASS" starttime="20211101 09:56:24.403" endtime="20211101 09:56:24.414"/>
</kw>
<msg timestamp="20211101 09:56:24.414" level="INFO">${elem_text} = in CAMPAIGN</msg>
<status status="PASS" starttime="20211101 09:56:24.391" endtime="20211101 09:56:24.414"/>
</kw>
<kw name="Append To List" library="Collections">
<arg>${elem_txt_list}</arg>
<arg>${elem_text}</arg>
<doc>Adds ``values`` to the end of ``list``.</doc>
<status status="PASS" starttime="20211101 09:56:24.414" endtime="20211101 09:56:24.415"/>
</kw>
<status status="PASS" starttime="20211101 09:56:24.391" endtime="20211101 09:56:24.415"/>
</iter>
<iter>
<var name="${elem}">&lt;selenium.webdriver.support.event_firing_webdriver.EventFiringWebElement object at 0x000002087FF237C0&gt;</var>
<kw name="Get Text" library="common_keywords">
<var>${elem_text}</var>
<arg>${elem}</arg>
<doc>Get text of target element
xpath=//*[@data-testid='lnk-viewSearchSuggestionPopup-category'] - Locator of target element</doc>
<kw name="Wait Element Is Visible" library="common_keywords">
<arg>${locator}</arg>
<doc>Wait element is visible
&lt;selenium.webdriver.support.event_firing_webdriver.EventFiringWebElement object at 0x000002087FF237C0&gt; - Locator of target element
${timeout} - Waiting time for target element visible</doc>
<kw name="Wait Until Element Is Visible" library="SeleniumLibrary">
<arg>${locator}</arg>
<arg>timeout=${timeout}</arg>
<doc>Waits until the element ``locator`` is visible.</doc>
<status status="PASS" starttime="20211101 09:56:24.416" endtime="20211101 09:56:24.429"/>
</kw>
<status status="PASS" starttime="20211101 09:56:24.416" endtime="20211101 09:56:24.429"/>
</kw>
<kw name="Get Text" library="SeleniumLibrary">
<var>${text}</var>
<arg>${locator}</arg>
<doc>Returns the text value of the element identified by ``locator``.</doc>
<msg timestamp="20211101 09:56:24.440" level="INFO">${text} = in Women</msg>
<status status="PASS" starttime="20211101 09:56:24.429" endtime="20211101 09:56:24.440"/>
</kw>
<msg timestamp="20211101 09:56:24.441" level="INFO">${elem_text} = in Women</msg>
<status status="PASS" starttime="20211101 09:56:24.415" endtime="20211101 09:56:24.441"/>
</kw>
<kw name="Append To List" library="Collections">
<arg>${elem_txt_list}</arg>
<arg>${elem_text}</arg>
<doc>Adds ``values`` to the end of ``list``.</doc>
<status status="PASS" starttime="20211101 09:56:24.441" endtime="20211101 09:56:24.441"/>
</kw>
<status status="PASS" starttime="20211101 09:56:24.415" endtime="20211101 09:56:24.441"/>
</iter>
<status status="PASS" starttime="20211101 09:56:24.367" endtime="20211101 09:56:24.442"/>
</for>
<msg timestamp="20211101 09:56:24.442" level="INFO">${categories_data_UI} = ['in Home', 'in CAMPAIGN', 'in Women']</msg>
<status status="PASS" starttime="20211101 09:56:24.315" endtime="20211101 09:56:24.442"/>
</kw>
<kw name="Create List" library="BuiltIn">
<var>${category_name_list}</var>
<doc>Returns a list containing given items.</doc>
<msg timestamp="20211101 09:56:24.442" level="INFO">${category_name_list} = []</msg>
<status status="PASS" starttime="20211101 09:56:24.442" endtime="20211101 09:56:24.442"/>
</kw>
<for flavor="IN RANGE">
<var>${idx}</var>
<value>len(${categories_data_UI})</value>
<iter>
<var name="${idx}">0</var>
<kw name="Replace String" library="String">
<var>${category_name}</var>
<arg>${categories_data_UI}[${idx}]</arg>
<arg>search_for=in${SPACE}</arg>
<arg>replace_with=${EMPTY}</arg>
<doc>Replaces ``search_for`` in the given ``string`` with ``replace_with``.</doc>
<msg timestamp="20211101 09:56:24.443" level="INFO">${category_name} = Home</msg>
<status status="PASS" starttime="20211101 09:56:24.443" endtime="20211101 09:56:24.444"/>
</kw>
<kw name="Append To List" library="Collections">
<arg>${category_name_list}</arg>
<arg>${category_name}</arg>
<doc>Adds ``values`` to the end of ``list``.</doc>
<status status="PASS" starttime="20211101 09:56:24.444" endtime="20211101 09:56:24.444"/>
</kw>
<status status="PASS" starttime="20211101 09:56:24.442" endtime="20211101 09:56:24.444"/>
</iter>
<iter>
<var name="${idx}">1</var>
<kw name="Replace String" library="String">
<var>${category_name}</var>
<arg>${categories_data_UI}[${idx}]</arg>
<arg>search_for=in${SPACE}</arg>
<arg>replace_with=${EMPTY}</arg>
<doc>Replaces ``search_for`` in the given ``string`` with ``replace_with``.</doc>
<msg timestamp="20211101 09:56:24.445" level="INFO">${category_name} = CAMPAIGN</msg>
<status status="PASS" starttime="20211101 09:56:24.444" endtime="20211101 09:56:24.445"/>
</kw>
<kw name="Append To List" library="Collections">
<arg>${category_name_list}</arg>
<arg>${category_name}</arg>
<doc>Adds ``values`` to the end of ``list``.</doc>
<status status="PASS" starttime="20211101 09:56:24.445" endtime="20211101 09:56:24.446"/>
</kw>
<status status="PASS" starttime="20211101 09:56:24.444" endtime="20211101 09:56:24.446"/>
</iter>
<iter>
<var name="${idx}">2</var>
<kw name="Replace String" library="String">
<var>${category_name}</var>
<arg>${categories_data_UI}[${idx}]</arg>
<arg>search_for=in${SPACE}</arg>
<arg>replace_with=${EMPTY}</arg>
<doc>Replaces ``search_for`` in the given ``string`` with ``replace_with``.</doc>
<msg timestamp="20211101 09:56:24.447" level="INFO">${category_name} = Women</msg>
<status status="PASS" starttime="20211101 09:56:24.446" endtime="20211101 09:56:24.447"/>
</kw>
<kw name="Append To List" library="Collections">
<arg>${category_name_list}</arg>
<arg>${category_name}</arg>
<doc>Adds ``values`` to the end of ``list``.</doc>
<status status="PASS" starttime="20211101 09:56:24.447" endtime="20211101 09:56:24.447"/>
</kw>
<status status="PASS" starttime="20211101 09:56:24.446" endtime="20211101 09:56:24.447"/>
</iter>
<status status="PASS" starttime="20211101 09:56:24.442" endtime="20211101 09:56:24.447"/>
</for>
<msg timestamp="20211101 09:56:24.448" level="INFO">${categories_UI} = ['Home', 'CAMPAIGN', 'Women']</msg>
<status status="PASS" starttime="20211101 09:56:24.315" endtime="20211101 09:56:24.448"/>
</kw>
<kw name="Lists Should Be Equal" library="Collections">
<arg>${api_categories_list}</arg>
<arg>${categories_UI}</arg>
<arg>ignore_order=True</arg>
<doc>Fails if given lists are unequal.</doc>
<status status="PASS" starttime="20211101 09:56:24.448" endtime="20211101 09:56:24.448"/>
</kw>
<status status="PASS" starttime="20211101 09:56:24.284" endtime="20211101 09:56:24.448"/>
</kw>
<kw name="Verify Products data is displayed correctly with verify with API" library="suggestion_fragment_feature">
<arg>${api_product_sku_arr}</arg>
<arg>${api_product_detail_dict}</arg>
<kw name="Verify Products part is displayed" library="suggestion_fragment">
<kw name="Wait Element Is Visible" library="common_keywords">
<arg>${suggestionFragmentLocator}[txt_products]</arg>
<doc>Wait element is visible
${locator} - Locator of target element
${timeout} - Waiting time for target element visible</doc>
<kw name="Wait Until Element Is Visible" library="SeleniumLibrary">
<arg>${locator}</arg>
<arg>timeout=${timeout}</arg>
<doc>Waits until the element ``locator`` is visible.</doc>
<status status="PASS" starttime="20211101 09:56:24.451" endtime="20211101 09:56:24.479"/>
</kw>
<status status="PASS" starttime="20211101 09:56:24.450" endtime="20211101 09:56:24.480"/>
</kw>
<status status="PASS" starttime="20211101 09:56:24.449" endtime="20211101 09:56:24.480"/>
</kw>
<for flavor="IN RANGE">
<var>${idx}</var>
<value>len(${api_product_sku_arr})</value>
<iter>
<var name="${idx}">0</var>
<kw name="Set Variable" library="BuiltIn">
<var>${product_sku}</var>
<arg>${api_product_sku_arr}[${idx}]</arg>
<doc>Returns the given values which can then be assigned to a variables.</doc>
<msg timestamp="20211101 09:56:24.481" level="INFO">${product_sku} = CDS83822216</msg>
<status status="PASS" starttime="20211101 09:56:24.480" endtime="20211101 09:56:24.481"/>
</kw>
<kw name="Get From Dictionary" library="Collections">
<var>${is_product_discount}</var>
<arg>${product_data_dict}</arg>
<arg>${product_sku}_is_discount</arg>
<doc>Returns a value from the given ``dictionary`` based on the given ``key``.</doc>
<msg timestamp="20211101 09:56:24.481" level="INFO">${is_product_discount} = True</msg>
<status status="PASS" starttime="20211101 09:56:24.481" endtime="20211101 09:56:24.481"/>
</kw>
<kw name="Verify product name is displayed correctly with verify with API" library="suggestion_fragment_feature">
<arg>${product_sku}</arg>
<arg>${product_data_dict}</arg>
<kw name="Get product name in suggestion list" library="suggestion_fragment">
<var>${product_name_UI}</var>
<arg>${product_sku}</arg>
<kw name="Format String" library="String">
<var>${locator}</var>
<arg>${suggestionFragmentLocator}[txt_product_name]</arg>
<arg>product_sku=${product_sku}</arg>
<doc>Formats a ``template`` using the given ``positional`` and ``named`` arguments.</doc>
<msg timestamp="20211101 09:56:24.482" level="INFO">${locator} = xpath=//*[@id='inf-viewProductOnProductSearchPreview-CDS83822216']</msg>
<status status="PASS" starttime="20211101 09:56:24.482" endtime="20211101 09:56:24.482"/>
</kw>
<kw name="Get Text" library="common_keywords">
<var>${product_name}</var>
<arg>${locator}</arg>
<doc>Get text of target element
xpath=//*[@id='inf-viewProductOnProductSearchPreview-CDS83822216'] - Locator of target element</doc>
<kw name="Wait Element Is Visible" library="common_keywords">
<arg>${locator}</arg>
<doc>Wait element is visible
xpath=//*[@id='inf-viewProductOnProductSearchPreview-CDS83822216'] - Locator of target element
${timeout} - Waiting time for target element visible</doc>
<kw name="Wait Until Element Is Visible" library="SeleniumLibrary">
<arg>${locator}</arg>
<arg>timeout=${timeout}</arg>
<doc>Waits until the element ``locator`` is visible.</doc>
<status status="PASS" starttime="20211101 09:56:24.484" endtime="20211101 09:56:24.511"/>
</kw>
<status status="PASS" starttime="20211101 09:56:24.484" endtime="20211101 09:56:24.511"/>
</kw>
<kw name="Get Text" library="SeleniumLibrary">
<var>${text}</var>
<arg>${locator}</arg>
<doc>Returns the text value of the element identified by ``locator``.</doc>
<msg timestamp="20211101 09:56:24.535" level="INFO">${text} = กิ๊บหนีบผม AURORALONG HAIR CLI</msg>
<status status="PASS" starttime="20211101 09:56:24.512" endtime="20211101 09:56:24.535"/>
</kw>
<msg timestamp="20211101 09:56:24.535" level="INFO">${product_name} = กิ๊บหนีบผม AURORALONG HAIR CLI</msg>
<status status="PASS" starttime="20211101 09:56:24.483" endtime="20211101 09:56:24.535"/>
</kw>
<msg timestamp="20211101 09:56:24.536" level="INFO">${product_name_UI} = กิ๊บหนีบผม AURORALONG HAIR CLI</msg>
<status status="PASS" starttime="20211101 09:56:24.482" endtime="20211101 09:56:24.536"/>
</kw>
<kw name="Get From Dictionary" library="Collections">
<var>${product_name_api}</var>
<arg>${product_data_dict}</arg>
<arg>${product_sku}_name</arg>
<doc>Returns a value from the given ``dictionary`` based on the given ``key``.</doc>
<msg timestamp="20211101 09:56:24.536" level="INFO">${product_name_api} = กิ๊บหนีบผม AURORALONG HAIR CLI</msg>
<status status="PASS" starttime="20211101 09:56:24.536" endtime="20211101 09:56:24.536"/>
</kw>
<kw name="Should Be Equal As Strings" library="BuiltIn">
<arg>${product_name_UI}</arg>
<arg>${product_name_api}</arg>
<arg>msg=Product name with sku ${product_sku} display incorrectly</arg>
<doc>Fails if objects are unequal after converting them to strings.</doc>
<status status="PASS" starttime="20211101 09:56:24.536" endtime="20211101 09:56:24.537"/>
</kw>
<status status="PASS" starttime="20211101 09:56:24.481" endtime="20211101 09:56:24.537"/>
</kw>
<kw name="Verify product original price is displayed correctly with verify with API" library="suggestion_fragment_feature">
<arg>${product_sku}</arg>
<arg>${product_data_dict}</arg>
<arg>${is_product_discount}</arg>
<kw name="Run Keyword If" library="BuiltIn">
<var>${product_original_price_UI}</var>
<arg>${is_product_discount}</arg>
<arg>suggestion_fragment.Get product original price in suggestion list</arg>
<arg>${product_sku}</arg>
<arg>ELSE</arg>
<arg>suggestion_fragment.Get product original price in suggestion list in case no discount</arg>
<arg>${product_sku}</arg>
<doc>Runs the given keyword with the given arguments, if ``condition`` is true.</doc>
<kw name="Get product original price in suggestion list" library="suggestion_fragment">
<arg>${product_sku}</arg>
<kw name="Format String" library="String">
<var>${locator}</var>
<arg>${suggestionFragmentLocator}[txt_product_original_price]</arg>
<arg>product_sku=${product_sku}</arg>
<doc>Formats a ``template`` using the given ``positional`` and ``named`` arguments.</doc>
<msg timestamp="20211101 09:56:24.539" level="INFO">${locator} = xpath=//*[@id='inf-viewPriceSpecialOnProductSearchPreview-CDS83822216']</msg>
<status status="PASS" starttime="20211101 09:56:24.538" endtime="20211101 09:56:24.539"/>
</kw>
<kw name="Get Text" library="common_keywords">
<var>${product_original_price_str}</var>
<arg>${locator}</arg>
<doc>Get text of target element
xpath=//*[@id='inf-viewPriceSpecialOnProductSearchPreview-CDS83822216'] - Locator of target element</doc>
<kw name="Wait Element Is Visible" library="common_keywords">
<arg>${locator}</arg>
<doc>Wait element is visible
xpath=//*[@id='inf-viewPriceSpecialOnProductSearchPreview-CDS83822216'] - Locator of target element
${timeout} - Waiting time for target element visible</doc>
<kw name="Wait Until Element Is Visible" library="SeleniumLibrary">
<arg>${locator}</arg>
<arg>timeout=${timeout}</arg>
<doc>Waits until the element ``locator`` is visible.</doc>
<status status="PASS" starttime="20211101 09:56:24.541" endtime="20211101 09:56:24.568"/>
</kw>
<status status="PASS" starttime="20211101 09:56:24.540" endtime="20211101 09:56:24.568"/>
</kw>
<kw name="Get Text" library="SeleniumLibrary">
<var>${text}</var>
<arg>${locator}</arg>
<doc>Returns the text value of the element identified by ``locator``.</doc>
<msg timestamp="20211101 09:56:24.592" level="INFO">${text} = ฿285</msg>
<status status="PASS" starttime="20211101 09:56:24.568" endtime="20211101 09:56:24.592"/>
</kw>
<msg timestamp="20211101 09:56:24.592" level="INFO">${product_original_price_str} = ฿285</msg>
<status status="PASS" starttime="20211101 09:56:24.539" endtime="20211101 09:56:24.592"/>
</kw>
<kw name="Convert price string to number format" library="common_keywords">
<var>${product_original_price}</var>
<arg>${product_original_price_str}</arg>
<kw name="Remove String" library="String">
<var>${price}</var>
<arg>${price}</arg>
<arg>฿</arg>
<doc>Removes all ``removables`` from the given ``string``.</doc>
<msg timestamp="20211101 09:56:24.593" level="INFO">${price} = 285</msg>
<status status="PASS" starttime="20211101 09:56:24.593" endtime="20211101 09:56:24.593"/>
</kw>
<kw name="Remove String" library="String">
<var>${price}</var>
<arg>${price}</arg>
<arg>,</arg>
<doc>Removes all ``removables`` from the given ``string``.</doc>
<msg timestamp="20211101 09:56:24.593" level="INFO">${price} = 285</msg>
<status status="PASS" starttime="20211101 09:56:24.593" endtime="20211101 09:56:24.593"/>
</kw>
<kw name="Convert To Number" library="BuiltIn">
<var>${price}</var>
<arg>${price}</arg>
<doc>Converts the given item to a floating point number.</doc>
<msg timestamp="20211101 09:56:24.594" level="INFO">${price} = 285.0</msg>
<status status="PASS" starttime="20211101 09:56:24.594" endtime="20211101 09:56:24.594"/>
</kw>
<msg timestamp="20211101 09:56:24.594" level="INFO">${product_original_price} = 285.0</msg>
<status status="PASS" starttime="20211101 09:56:24.592" endtime="20211101 09:56:24.594"/>
</kw>
<status status="PASS" starttime="20211101 09:56:24.538" endtime="20211101 09:56:24.594"/>
</kw>
<msg timestamp="20211101 09:56:24.594" level="INFO">${product_original_price_UI} = 285.0</msg>
<status status="PASS" starttime="20211101 09:56:24.538" endtime="20211101 09:56:24.594"/>
</kw>
<kw name="Get From Dictionary" library="Collections">
<var>${product_orginal_price_api}</var>
<arg>${product_data_dict}</arg>
<arg>${product_sku}_orignal_price</arg>
<doc>Returns a value from the given ``dictionary`` based on the given ``key``.</doc>
<msg timestamp="20211101 09:56:24.595" level="INFO">${product_orginal_price_api} = 285.0</msg>
<status status="PASS" starttime="20211101 09:56:24.595" endtime="20211101 09:56:24.595"/>
</kw>
<kw name="Should Be Equal" library="BuiltIn">
<arg>${product_original_price_UI}</arg>
<arg>${product_orginal_price_api}</arg>
<arg>msg=Product orignal price with sku ${product_sku} display incorrectly</arg>
<doc>Fails if the given objects are unequal.</doc>
<status status="PASS" starttime="20211101 09:56:24.595" endtime="20211101 09:56:24.595"/>
</kw>
<status status="PASS" starttime="20211101 09:56:24.537" endtime="20211101 09:56:24.595"/>
</kw>
<kw name="Run Keyword If" library="BuiltIn">
<arg>${is_product_discount}</arg>
<arg>Verify product special price is displayed correctly with verify with API</arg>
<arg>${product_sku}</arg>
<arg>${product_data_dict}</arg>
<doc>Runs the given keyword with the given arguments, if ``condition`` is true.</doc>
[...]
<arg>${locator}</arg>
<doc>Wait element is visible
xpath=//*[@id='inf-viewProductOnProductSearchPreview-CDS7588686'] - Locator of target element
${timeout} - Waiting time for target element visible</doc>
<kw name="Wait Until Element Is Visible" library="SeleniumLibrary">
<arg>${locator}</arg>
<arg>timeout=${timeout}</arg>
<doc>Waits until the element ``locator`` is visible.</doc>
<status status="PASS" starttime="20211101 09:57:50.894" endtime="20211101 09:57:50.933"/>
</kw>
<status status="PASS" starttime="20211101 09:57:50.893" endtime="20211101 09:57:50.933"/>
</kw>
<kw name="Get Text" library="SeleniumLibrary">
<var>${text}</var>
<arg>${locator}</arg>
<doc>Returns the text value of the element identified by ``locator``.</doc>
<msg timestamp="20211101 09:57:50.966" level="INFO">${text} = Dior Addict Eau De Toilette 50 mL</msg>
<status status="PASS" starttime="20211101 09:57:50.933" endtime="20211101 09:57:50.966"/>
</kw>
<msg timestamp="20211101 09:57:50.966" level="INFO">${product_name} = Dior Addict Eau De Toilette 50 mL</msg>
<status status="PASS" starttime="20211101 09:57:50.891" endtime="20211101 09:57:50.966"/>
</kw>
<msg timestamp="20211101 09:57:50.967" level="INFO">${product_name_UI} = Dior Addict Eau De Toilette 50 mL</msg>
<status status="PASS" starttime="20211101 09:57:50.889" endtime="20211101 09:57:50.967"/>
</kw>
<kw name="Get From Dictionary" library="Collections">
<var>${product_name_api}</var>
<arg>${product_data_dict}</arg>
<arg>${product_sku}_name</arg>
<doc>Returns a value from the given ``dictionary`` based on the given ``key``.</doc>
<msg timestamp="20211101 09:57:50.967" level="INFO">${product_name_api} = Dior Addict Eau De Toilette 50 mL</msg>
<status status="PASS" starttime="20211101 09:57:50.967" endtime="20211101 09:57:50.967"/>
</kw>
<kw name="Should Be Equal As Strings" library="BuiltIn">
<arg>${product_name_UI}</arg>
<arg>${product_name_api}</arg>
<arg>msg=Product name with sku ${product_sku} display incorrectly</arg>
<doc>Fails if objects are unequal after converting them to strings.</doc>
<status status="PASS" starttime="20211101 09:57:50.967" endtime="20211101 09:57:50.968"/>
</kw>
<status status="PASS" starttime="20211101 09:57:50.889" endtime="20211101 09:57:50.968"/>
</kw>
<kw name="Verify product original price is displayed correctly with verify with API" library="suggestion_fragment_feature">
<arg>${product_sku}</arg>
<arg>${product_data_dict}</arg>
<arg>${is_product_discount}</arg>
<kw name="Run Keyword If" library="BuiltIn">
<var>${product_original_price_UI}</var>
<arg>${is_product_discount}</arg>
<arg>suggestion_fragment.Get product original price in suggestion list</arg>
<arg>${product_sku}</arg>
<arg>ELSE</arg>
<arg>suggestion_fragment.Get product original price in suggestion list in case no discount</arg>
<arg>${product_sku}</arg>
<doc>Runs the given keyword with the given arguments, if ``condition`` is true.</doc>
<kw name="Get product original price in suggestion list in case no discount" library="suggestion_fragment">
<arg>${product_sku}</arg>
<kw name="Format String" library="String">
<var>${locator}</var>
<arg>${suggestionFragmentLocator}[txt_product_original_price_no_discount]</arg>
<arg>product_sku=${product_sku}</arg>
<doc>Formats a ``template`` using the given ``positional`` and ``named`` arguments.</doc>
<msg timestamp="20211101 09:57:50.970" level="INFO">${locator} = xpath=//*[@id='inf-viewPriceNormalOnProductSearchPreview-CDS7588686']</msg>
<status status="PASS" starttime="20211101 09:57:50.970" endtime="20211101 09:57:50.970"/>
</kw>
<kw name="Get Text" library="common_keywords">
<var>${product_original_price_str}</var>
<arg>${locator}</arg>
<doc>Get text of target element
xpath=//*[@id='inf-viewPriceNormalOnProductSearchPreview-CDS7588686'] - Locator of target element</doc>
<kw name="Wait Element Is Visible" library="common_keywords">
<arg>${locator}</arg>
<doc>Wait element is visible
xpath=//*[@id='inf-viewPriceNormalOnProductSearchPreview-CDS7588686'] - Locator of target element
${timeout} - Waiting time for target element visible</doc>
<kw name="Wait Until Element Is Visible" library="SeleniumLibrary">
<arg>${locator}</arg>
<arg>timeout=${timeout}</arg>
<doc>Waits until the element ``locator`` is visible.</doc>
<status status="PASS" starttime="20211101 09:57:50.973" endtime="20211101 09:57:52.067"/>
</kw>
<status status="PASS" starttime="20211101 09:57:50.972" endtime="20211101 09:57:52.068"/>
</kw>
<kw name="Get Text" library="SeleniumLibrary">
<var>${text}</var>
<arg>${locator}</arg>
<doc>Returns the text value of the element identified by ``locator``.</doc>
<msg timestamp="20211101 09:57:52.153" level="INFO">${text} = ฿3,650</msg>
<status status="PASS" starttime="20211101 09:57:52.069" endtime="20211101 09:57:52.153"/>
</kw>
<msg timestamp="20211101 09:57:52.154" level="INFO">${product_original_price_str} = ฿3,650</msg>
<status status="PASS" starttime="20211101 09:57:50.971" endtime="20211101 09:57:52.154"/>
</kw>
<kw name="Convert price string to number format" library="common_keywords">
<var>${product_original_price}</var>
<arg>${product_original_price_str}</arg>
<kw name="Remove String" library="String">
<var>${price}</var>
<arg>${price}</arg>
<arg>฿</arg>
<doc>Removes all ``removables`` from the given ``string``.</doc>
<msg timestamp="20211101 09:57:52.157" level="INFO">${price} = 3,650</msg>
<status status="PASS" starttime="20211101 09:57:52.156" endtime="20211101 09:57:52.157"/>
</kw>
<kw name="Remove String" library="String">
<var>${price}</var>
<arg>${price}</arg>
<arg>,</arg>
<doc>Removes all ``removables`` from the given ``string``.</doc>
<msg timestamp="20211101 09:57:52.158" level="INFO">${price} = 3650</msg>
<status status="PASS" starttime="20211101 09:57:52.157" endtime="20211101 09:57:52.158"/>
</kw>
<kw name="Convert To Number" library="BuiltIn">
<var>${price}</var>
<arg>${price}</arg>
<doc>Converts the given item to a floating point number.</doc>
<msg timestamp="20211101 09:57:52.159" level="INFO">${price} = 3650.0</msg>
<status status="PASS" starttime="20211101 09:57:52.159" endtime="20211101 09:57:52.159"/>
</kw>
<msg timestamp="20211101 09:57:52.160" level="INFO">${product_original_price} = 3650.0</msg>
<status status="PASS" starttime="20211101 09:57:52.154" endtime="20211101 09:57:52.160"/>
</kw>
<status status="PASS" starttime="20211101 09:57:50.969" endtime="20211101 09:57:52.161"/>
</kw>
<msg timestamp="20211101 09:57:52.161" level="INFO">${product_original_price_UI} = 3650.0</msg>
<status status="PASS" starttime="20211101 09:57:50.969" endtime="20211101 09:57:52.161"/>
</kw>
<kw name="Get From Dictionary" library="Collections">
<var>${product_orginal_price_api}</var>
<arg>${product_data_dict}</arg>
<arg>${product_sku}_orignal_price</arg>
<doc>Returns a value from the given ``dictionary`` based on the given ``key``.</doc>
<msg timestamp="20211101 09:57:52.163" level="INFO">${product_orginal_price_api} = 3650.0</msg>
<status status="PASS" starttime="20211101 09:57:52.162" endtime="20211101 09:57:52.163"/>
</kw>
<kw name="Should Be Equal" library="BuiltIn">
<arg>${product_original_price_UI}</arg>
<arg>${product_orginal_price_api}</arg>
<arg>msg=Product orignal price with sku ${product_sku} display incorrectly</arg>
<doc>Fails if the given objects are unequal.</doc>
<status status="PASS" starttime="20211101 09:57:52.163" endtime="20211101 09:57:52.164"/>
</kw>
<status status="PASS" starttime="20211101 09:57:50.968" endtime="20211101 09:57:52.164"/>
</kw>
<kw name="Run Keyword If" library="BuiltIn">
<arg>${is_product_discount}</arg>
<arg>Verify product special price is displayed correctly with verify with API</arg>
<arg>${product_sku}</arg>
<arg>${product_data_dict}</arg>
<doc>Runs the given keyword with the given arguments, if ``condition`` is true.</doc>
<status status="PASS" starttime="20211101 09:57:52.164" endtime="20211101 09:57:52.165"/>
</kw>
<status status="PASS" starttime="20211101 09:57:50.888" endtime="20211101 09:57:52.165"/>
</iter>
<iter>
<var name="${idx}">5</var>
<kw name="Set Variable" library="BuiltIn">
<var>${product_sku}</var>
<arg>${api_product_sku_arr}[${idx}]</arg>
<doc>Returns the given values which can then be assigned to a variables.</doc>
<msg timestamp="20211101 09:57:52.166" level="INFO">${product_sku} = CDS21888533</msg>
<status status="PASS" starttime="20211101 09:57:52.165" endtime="20211101 09:57:52.166"/>
</kw>
<kw name="Get From Dictionary" library="Collections">
<var>${is_product_discount}</var>
<arg>${product_data_dict}</arg>
<arg>${product_sku}_is_discount</arg>
<doc>Returns a value from the given ``dictionary`` based on the given ``key``.</doc>
<msg timestamp="20211101 09:57:52.166" level="INFO">${is_product_discount} = False</msg>
<status status="PASS" starttime="20211101 09:57:52.166" endtime="20211101 09:57:52.166"/>
</kw>
<kw name="Verify product name is displayed correctly with verify with API" library="suggestion_fragment_feature">
<arg>${product_sku}</arg>
<arg>${product_data_dict}</arg>
<kw name="Get product name in suggestion list" library="suggestion_fragment">
<var>${product_name_UI}</var>
<arg>${product_sku}</arg>
<kw name="Format String" library="String">
<var>${locator}</var>
<arg>${suggestionFragmentLocator}[txt_product_name]</arg>
<arg>product_sku=${product_sku}</arg>
<doc>Formats a ``template`` using the given ``positional`` and ``named`` arguments.</doc>
<msg timestamp="20211101 09:57:52.168" level="INFO">${locator} = xpath=//*[@id='inf-viewProductOnProductSearchPreview-CDS21888533']</msg>
<status status="PASS" starttime="20211101 09:57:52.167" endtime="20211101 09:57:52.168"/>
</kw>
<kw name="Get Text" library="common_keywords">
<var>${product_name}</var>
<arg>${locator}</arg>
<doc>Get text of target element
xpath=//*[@id='inf-viewProductOnProductSearchPreview-CDS21888533'] - Locator of target element</doc>
<kw name="Wait Element Is Visible" library="common_keywords">
<arg>${locator}</arg>
<doc>Wait element is visible
xpath=//*[@id='inf-viewProductOnProductSearchPreview-CDS21888533'] - Locator of target element
${timeout} - Waiting time for target element visible</doc>
<kw name="Wait Until Element Is Visible" library="SeleniumLibrary">
<arg>${locator}</arg>
<arg>timeout=${timeout}</arg>
<doc>Waits until the element ``locator`` is visible.</doc>
<status status="PASS" starttime="20211101 09:57:52.170" endtime="20211101 09:57:52.523"/>
</kw>
<status status="PASS" starttime="20211101 09:57:52.169" endtime="20211101 09:57:52.524"/>
</kw>
<kw name="Get Text" library="SeleniumLibrary">
<var>${text}</var>
<arg>${locator}</arg>
<doc>Returns the text value of the element identified by ``locator``.</doc>
<msg timestamp="20211101 09:57:52.548" level="INFO">${text} = Dior Sauvage Parfum 60 mL</msg>
<status status="PASS" starttime="20211101 09:57:52.524" endtime="20211101 09:57:52.548"/>
</kw>
<msg timestamp="20211101 09:57:52.548" level="INFO">${product_name} = Dior Sauvage Parfum 60 mL</msg>
<status status="PASS" starttime="20211101 09:57:52.168" endtime="20211101 09:57:52.548"/>
</kw>
<msg timestamp="20211101 09:57:52.548" level="INFO">${product_name_UI} = Dior Sauvage Parfum 60 mL</msg>
<status status="PASS" starttime="20211101 09:57:52.167" endtime="20211101 09:57:52.548"/>
</kw>
<kw name="Get From Dictionary" library="Collections">
<var>${product_name_api}</var>
<arg>${product_data_dict}</arg>
<arg>${product_sku}_name</arg>
<doc>Returns a value from the given ``dictionary`` based on the given ``key``.</doc>
<msg timestamp="20211101 09:57:52.549" level="INFO">${product_name_api} = Dior Sauvage Parfum 60 mL</msg>
<status status="PASS" starttime="20211101 09:57:52.549" endtime="20211101 09:57:52.549"/>
</kw>
<kw name="Should Be Equal As Strings" library="BuiltIn">
<arg>${product_name_UI}</arg>
<arg>${product_name_api}</arg>
<arg>msg=Product name with sku ${product_sku} display incorrectly</arg>
<doc>Fails if objects are unequal after converting them to strings.</doc>
<status status="PASS" starttime="20211101 09:57:52.549" endtime="20211101 09:57:52.550"/>
</kw>
<status status="PASS" starttime="20211101 09:57:52.166" endtime="20211101 09:57:52.550"/>
</kw>
<kw name="Verify product original price is displayed correctly with verify with API" library="suggestion_fragment_feature">
<arg>${product_sku}</arg>
<arg>${product_data_dict}</arg>
<arg>${is_product_discount}</arg>
<kw name="Run Keyword If" library="BuiltIn">
<var>${product_original_price_UI}</var>
<arg>${is_product_discount}</arg>
<arg>suggestion_fragment.Get product original price in suggestion list</arg>
<arg>${product_sku}</arg>
<arg>ELSE</arg>
<arg>suggestion_fragment.Get product original price in suggestion list in case no discount</arg>
<arg>${product_sku}</arg>
<doc>Runs the given keyword with the given arguments, if ``condition`` is true.</doc>
<kw name="Get product original price in suggestion list in case no discount" library="suggestion_fragment">
<arg>${product_sku}</arg>
<kw name="Format String" library="String">
<var>${locator}</var>
<arg>${suggestionFragmentLocator}[txt_product_original_price_no_discount]</arg>
<arg>product_sku=${product_sku}</arg>
<doc>Formats a ``template`` using the given ``positional`` and ``named`` arguments.</doc>
<msg timestamp="20211101 09:57:52.552" level="INFO">${locator} = xpath=//*[@id='inf-viewPriceNormalOnProductSearchPreview-CDS21888533']</msg>
<status status="PASS" starttime="20211101 09:57:52.551" endtime="20211101 09:57:52.552"/>
</kw>
<kw name="Get Text" library="common_keywords">
<var>${product_original_price_str}</var>
<arg>${locator}</arg>
<doc>Get text of target element
xpath=//*[@id='inf-viewPriceNormalOnProductSearchPreview-CDS21888533'] - Locator of target element</doc>
<kw name="Wait Element Is Visible" library="common_keywords">
<arg>${locator}</arg>
<doc>Wait element is visible
xpath=//*[@id='inf-viewPriceNormalOnProductSearchPreview-CDS21888533'] - Locator of target element
${timeout} - Waiting time for target element visible</doc>
<kw name="Wait Until Element Is Visible" library="SeleniumLibrary">
<arg>${locator}</arg>
<arg>timeout=${timeout}</arg>
<doc>Waits until the element ``locator`` is visible.</doc>
<status status="PASS" starttime="20211101 09:57:52.554" endtime="20211101 09:57:52.577"/>
</kw>
<status status="PASS" starttime="20211101 09:57:52.553" endtime="20211101 09:57:52.578"/>
</kw>
<kw name="Get Text" library="SeleniumLibrary">
<var>${text}</var>
<arg>${locator}</arg>
<doc>Returns the text value of the element identified by ``locator``.</doc>
<msg timestamp="20211101 09:57:52.600" level="INFO">${text} = ฿4,000</msg>
<status status="PASS" starttime="20211101 09:57:52.578" endtime="20211101 09:57:52.600"/>
</kw>
<msg timestamp="20211101 09:57:52.600" level="INFO">${product_original_price_str} = ฿4,000</msg>
<status status="PASS" starttime="20211101 09:57:52.552" endtime="20211101 09:57:52.600"/>
</kw>
<kw name="Convert price string to number format" library="common_keywords">
<var>${product_original_price}</var>
<arg>${product_original_price_str}</arg>
<kw name="Remove String" library="String">
<var>${price}</var>
<arg>${price}</arg>
<arg>฿</arg>
<doc>Removes all ``removables`` from the given ``string``.</doc>
<msg timestamp="20211101 09:57:52.601" level="INFO">${price} = 4,000</msg>
<status status="PASS" starttime="20211101 09:57:52.601" endtime="20211101 09:57:52.601"/>
</kw>
<kw name="Remove String" library="String">
<var>${price}</var>
<arg>${price}</arg>
<arg>,</arg>
<doc>Removes all ``removables`` from the given ``string``.</doc>
<msg timestamp="20211101 09:57:52.602" level="INFO">${price} = 4000</msg>
<status status="PASS" starttime="20211101 09:57:52.602" endtime="20211101 09:57:52.602"/>
</kw>
<kw name="Convert To Number" library="BuiltIn">
<var>${price}</var>
<arg>${price}</arg>
<doc>Converts the given item to a floating point number.</doc>
<msg timestamp="20211101 09:57:52.602" level="INFO">${price} = 4000.0</msg>
<status status="PASS" starttime="20211101 09:57:52.602" endtime="20211101 09:57:52.602"/>
</kw>
<msg timestamp="20211101 09:57:52.602" level="INFO">${product_original_price} = 4000.0</msg>
<status status="PASS" starttime="20211101 09:57:52.601" endtime="20211101 09:57:52.602"/>
</kw>
<status status="PASS" starttime="20211101 09:57:52.551" endtime="20211101 09:57:52.603"/>
</kw>
<msg timestamp="20211101 09:57:52.603" level="INFO">${product_original_price_UI} = 4000.0</msg>
<status status="PASS" starttime="20211101 09:57:52.551" endtime="20211101 09:57:52.603"/>
</kw>
<kw name="Get From Dictionary" library="Collections">
<var>${product_orginal_price_api}</var>
<arg>${product_data_dict}</arg>
<arg>${product_sku}_orignal_price</arg>
<doc>Returns a value from the given ``dictionary`` based on the given ``key``.</doc>
<msg timestamp="20211101 09:57:52.603" level="INFO">${product_orginal_price_api} = 4000.0</msg>
<status status="PASS" starttime="20211101 09:57:52.603" endtime="20211101 09:57:52.603"/>
</kw>
<kw name="Should Be Equal" library="BuiltIn">
<arg>${product_original_price_UI}</arg>
<arg>${product_orginal_price_api}</arg>
<arg>msg=Product orignal price with sku ${product_sku} display incorrectly</arg>
<doc>Fails if the given objects are unequal.</doc>
<status status="PASS" starttime="20211101 09:57:52.603" endtime="20211101 09:57:52.604"/>
</kw>
<status status="PASS" starttime="20211101 09:57:52.550" endtime="20211101 09:57:52.604"/>
</kw>
<kw name="Run Keyword If" library="BuiltIn">
<arg>${is_product_discount}</arg>
<arg>Verify product special price is displayed correctly with verify with API</arg>
<arg>${product_sku}</arg>
<arg>${product_data_dict}</arg>
<doc>Runs the given keyword with the given arguments, if ``condition`` is true.</doc>
<status status="PASS" starttime="20211101 09:57:52.604" endtime="20211101 09:57:52.604"/>
</kw>
<status status="PASS" starttime="20211101 09:57:52.165" endtime="20211101 09:57:52.604"/>
</iter>
<status status="PASS" starttime="20211101 09:57:50.217" endtime="20211101 09:57:52.604"/>
</for>
<status status="PASS" starttime="20211101 09:57:50.160" endtime="20211101 09:57:52.605"/>
</kw>
<status status="PASS" starttime="20211101 09:57:48.097" endtime="20211101 09:57:52.605"/>
</kw>
<status status="PASS" starttime="20211101 09:57:42.063" endtime="20211101 09:57:52.605"/>
</kw>
<kw name="Tear Down Test" library="common_keywords" type="TEARDOWN">
<kw name="Close Browser" library="SeleniumLibrary">
<doc>Closes the current browser.</doc>
<status status="PASS" starttime="20211101 09:57:52.606" endtime="20211101 09:57:54.867"/>
</kw>
<status status="PASS" starttime="20211101 09:57:52.606" endtime="20211101 09:57:54.869"/>
</kw>
<tag>Search_012</tag>
<tag>Search_013</tag>
<tag>Search_014</tag>
<tag>Search_015</tag>
<tag>search_brand</tag>
<tag>search_function</tag>
<tag>suggestion_list</tag>
<status status="PASS" starttime="20211101 09:57:37.329" endtime="20211101 09:57:54.869"/>
</test>
<status status="PASS" starttime="20211101 09:56:10.858" endtime="20211101 09:57:54.873"/>
</suite>
<status status="PASS" starttime="20211101 09:56:10.855" endtime="20211101 09:57:54.880"/>
</suite>
<status status="PASS" starttime="20211101 09:56:10.834" endtime="20211101 09:57:54.886"/>
</suite>
<statistics>
<total>
<stat pass="6" fail="0" skip="0">All Tests</stat>
</total>
<tag>
<stat pass="6" fail="0" skip="0">Search_012</stat>
<stat pass="6" fail="0" skip="0">Search_013</stat>
<stat pass="6" fail="0" skip="0">Search_014</stat>
<stat pass="6" fail="0" skip="0">Search_015</stat>
<stat pass="6" fail="0" skip="0">search_brand</stat>
<stat pass="6" fail="0" skip="0">search_function</stat>
<stat pass="6" fail="0" skip="0">suggestion_list</stat>
</tag>
<suite>
<stat pass="6" fail="0" skip="0" id="s1" name="Testcases">Testcases</stat>
<stat pass="6" fail="0" skip="0" id="s1-s1" name="Search Brand">Testcases.Search Brand</stat>
<stat pass="6" fail="0" skip="0" id="s1-s1-s1" name="Suggestion List">Testcases.Search Brand.Suggestion List</stat>
</suite>
</statistics>
<errors>
</errors>
</robot>
